<?xml version="1.0" encoding="UTF-8"?>
<!-- Generated by org.testng.reporters.JUnitReportReporter -->
<testsuite hostname="WKWZTPqvmdckJHX" failures="0" tests="5" name="com.qa.centrum.eng.test.CentrumSampleCooperTest" time="53.511" errors="0" timestamp="2022-09-06T17:01:56 IST" skipped="0">
  <testcase classname="com.qa.centrum.eng.test.CentrumSampleCooperTest" name="cookieButton" time="6.054"/>
  <system-out/>
  <testcase classname="com.qa.centrum.eng.test.CentrumSampleCooperTest" name="verifyCompareOne" time="11.574"/>
  <system-out/>
  <testcase classname="com.qa.centrum.eng.test.CentrumSampleCooperTest" name="verifyCompareTwo" time="15.124"/>
  <system-out/>
  <testcase classname="com.qa.centrum.eng.test.CentrumSampleCooperTest" name="verifyCompareThree" time="11.023"/>
  <system-out/>
  <testcase classname="com.qa.centrum.eng.test.CentrumSampleCooperTest" name="verifyCompareFour" time="9.736"/>
  <system-out/>
</testsuite> <!-- com.qa.centrum.eng.test.CentrumSampleCooperTest -->
