<?xml version="1.0" encoding="UTF-8"?>
<!-- Generated by org.testng.reporters.JUnitReportReporter -->
<testsuite hostname="WKWZTPqvmdckJHX" failures="0" tests="8" name="com.qa.centrum.eng.test.CantrumSampleMakeCoffeeTest" time="54.501" errors="0" timestamp="2022-09-19T14:41:15 IST" skipped="0">
  <testcase classname="com.qa.centrum.eng.test.CantrumSampleMakeCoffeeTest" name="cookieButton" time="4.061"/>
  <system-out/>
  <testcase classname="com.qa.centrum.eng.test.CantrumSampleMakeCoffeeTest" name="verifyFrenchPressLinkOne" time="6.838"/>
  <system-out/>
  <testcase classname="com.qa.centrum.eng.test.CantrumSampleMakeCoffeeTest" name="verifyFrenchPressLinkTwo" time="6.796"/>
  <system-out/>
  <testcase classname="com.qa.centrum.eng.test.CantrumSampleMakeCoffeeTest" name="verifyFrenchPressLinkThree" time="5.848"/>
  <system-out/>
  <testcase classname="com.qa.centrum.eng.test.CantrumSampleMakeCoffeeTest" name="verifyArticleOne" time="5.965"/>
  <system-out/>
  <testcase classname="com.qa.centrum.eng.test.CantrumSampleMakeCoffeeTest" name="verifyArticleTwo" time="7.097"/>
  <system-out/>
  <testcase classname="com.qa.centrum.eng.test.CantrumSampleMakeCoffeeTest" name="verifyArticleThree" time="11.620"/>
  <system-out/>
  <testcase classname="com.qa.centrum.eng.test.CantrumSampleMakeCoffeeTest" name="verifyArticleFour" time="6.276"/>
  <system-out/>
</testsuite> <!-- com.qa.centrum.eng.test.CantrumSampleMakeCoffeeTest -->
