<?xml version="1.0" encoding="UTF-8"?>
<!-- Generated by org.testng.reporters.JUnitReportReporter -->
<testsuite hostname="WKWZTPqvmdckJHX" failures="0" tests="9" name="com.qa.centrum.eng.test.CentrumSampleAvoidBoredomTest" time="94.940" errors="0" timestamp="2022-09-16T13:31:18 IST" skipped="0">
  <testcase classname="com.qa.centrum.eng.test.CentrumSampleAvoidBoredomTest" name="cookieButton" time="4.073"/>
  <system-out/>
  <testcase classname="com.qa.centrum.eng.test.CentrumSampleAvoidBoredomTest" name="verifyGetCraftyLinkOne" time="10.610"/>
  <system-out/>
  <testcase classname="com.qa.centrum.eng.test.CentrumSampleAvoidBoredomTest" name="verifyGetCraftyLinkTwo" time="13.816"/>
  <system-out/>
  <testcase classname="com.qa.centrum.eng.test.CentrumSampleAvoidBoredomTest" name="verifyGetCraftyLinkThree" time="7.707"/>
  <system-out/>
  <testcase classname="com.qa.centrum.eng.test.CentrumSampleAvoidBoredomTest" name="verifyGetCraftyLinkFour" time="9.763"/>
  <system-out/>
  <testcase classname="com.qa.centrum.eng.test.CentrumSampleAvoidBoredomTest" name="verifyArticleOne" time="6.881"/>
  <system-out/>
  <testcase classname="com.qa.centrum.eng.test.CentrumSampleAvoidBoredomTest" name="verifyArticleTwo" time="7.065"/>
  <system-out/>
  <testcase classname="com.qa.centrum.eng.test.CentrumSampleAvoidBoredomTest" name="verifyArticleThree" time="28.302"/>
  <system-out/>
  <testcase classname="com.qa.centrum.eng.test.CentrumSampleAvoidBoredomTest" name="verifyArticleFour" time="6.723"/>
  <system-out/>
</testsuite> <!-- com.qa.centrum.eng.test.CentrumSampleAvoidBoredomTest -->
