<?xml version="1.0" encoding="UTF-8"?>
<!-- Generated by org.testng.reporters.JUnitReportReporter -->
<testsuite hostname="WKWZTPqvmdckJHX" failures="0" tests="9" name="com.qa.centrum.eng.test.CentrumSampleVitaminForMenTest" time="66.469" errors="0" timestamp="2022-09-20T12:40:01 IST" skipped="0">
  <testcase classname="com.qa.centrum.eng.test.CentrumSampleVitaminForMenTest" name="cookieButton" time="3.835"/>
  <system-out/>
  <testcase classname="com.qa.centrum.eng.test.CentrumSampleVitaminForMenTest" name="verifyRightMenLinkOne" time="13.213"/>
  <system-out/>
  <testcase classname="com.qa.centrum.eng.test.CentrumSampleVitaminForMenTest" name="verifyRightMenLinkTwo" time="5.322"/>
  <system-out/>
  <testcase classname="com.qa.centrum.eng.test.CentrumSampleVitaminForMenTest" name="verifyGoodMultivitaminLink" time="10.089"/>
  <system-out/>
  <testcase classname="com.qa.centrum.eng.test.CentrumSampleVitaminForMenTest" name="verifyShowReference" time="2.983"/>
  <system-out/>
  <testcase classname="com.qa.centrum.eng.test.CentrumSampleVitaminForMenTest" name="verifyArticleOne" time="6.251"/>
  <system-out/>
  <testcase classname="com.qa.centrum.eng.test.CentrumSampleVitaminForMenTest" name="verifyArticleTwo" time="6.857"/>
  <system-out/>
  <testcase classname="com.qa.centrum.eng.test.CentrumSampleVitaminForMenTest" name="verifyArticleThree" time="7.861"/>
  <system-out/>
  <testcase classname="com.qa.centrum.eng.test.CentrumSampleVitaminForMenTest" name="verifyArticleFour" time="10.058"/>
  <system-out/>
</testsuite> <!-- com.qa.centrum.eng.test.CentrumSampleVitaminForMenTest -->
