<?xml version="1.0" encoding="UTF-8"?>
<!-- Generated by org.testng.reporters.JUnitReportReporter -->
<testsuite hostname="WKWZTPqvmdckJHX" failures="0" tests="2" name="com.qa.centrum.eng.test.CentrumSampleProductComparisonPage" time="34.634" errors="0" timestamp="2022-09-01T10:40:36 IST" skipped="0">
  <testcase classname="com.qa.centrum.eng.test.CentrumSampleProductComparisonPage" name="clickCookieAndGigya" time="8.954"/>
  <system-out/>
  <testcase classname="com.qa.centrum.eng.test.CentrumSampleProductComparisonPage" name="verifyAdults" time="25.680"/>
  <system-out/>
</testsuite> <!-- com.qa.centrum.eng.test.CentrumSampleProductComparisonPage -->
