<?xml version="1.0" encoding="UTF-8"?>
<!-- Generated by org.testng.reporters.JUnitReportReporter -->
<testsuite hostname="WKWZTPqvmdckJHX" failures="0" tests="10" name="com.qa.centrum.eng.test.CentrumSampleSupplemetnsAndMultivitaminTest" time="63.519" errors="0" timestamp="2022-09-16T15:09:44 IST" skipped="0">
  <testcase classname="com.qa.centrum.eng.test.CentrumSampleSupplemetnsAndMultivitaminTest" name="cookieButton" time="3.694"/>
  <system-out/>
  <testcase classname="com.qa.centrum.eng.test.CentrumSampleSupplemetnsAndMultivitaminTest" name="verifyVitaminB12Link" time="6.818"/>
  <system-out/>
  <testcase classname="com.qa.centrum.eng.test.CentrumSampleSupplemetnsAndMultivitaminTest" name="verifyClickVitaminDLink" time="5.822"/>
  <system-out/>
  <testcase classname="com.qa.centrum.eng.test.CentrumSampleSupplemetnsAndMultivitaminTest" name="verifyCalciumLink" time="8.418"/>
  <system-out/>
  <testcase classname="com.qa.centrum.eng.test.CentrumSampleSupplemetnsAndMultivitaminTest" name="verifyMultivitaminLink" time="6.909"/>
  <system-out/>
  <testcase classname="com.qa.centrum.eng.test.CentrumSampleSupplemetnsAndMultivitaminTest" name="verifyShowReference" time="3.894"/>
  <system-out/>
  <testcase classname="com.qa.centrum.eng.test.CentrumSampleSupplemetnsAndMultivitaminTest" name="verifyArticleOne" time="6.191"/>
  <system-out/>
  <testcase classname="com.qa.centrum.eng.test.CentrumSampleSupplemetnsAndMultivitaminTest" name="verifyArticleTwo" time="5.122"/>
  <system-out/>
  <testcase classname="com.qa.centrum.eng.test.CentrumSampleSupplemetnsAndMultivitaminTest" name="verifyArticleThree" time="6.157"/>
  <system-out/>
  <testcase classname="com.qa.centrum.eng.test.CentrumSampleSupplemetnsAndMultivitaminTest" name="verifyArticleFour" time="10.494"/>
  <system-out/>
</testsuite> <!-- com.qa.centrum.eng.test.CentrumSampleSupplemetnsAndMultivitaminTest -->
