<?xml version="1.0" encoding="UTF-8"?>
<!-- Generated by org.testng.reporters.JUnitReportReporter -->
<testsuite hostname="WKWZTPqvmdckJHX" failures="0" tests="14" name="com.qa.centrum.eng.test.CentrumSampleDifferentDietTest" time="99.114" errors="0" timestamp="2022-09-19T13:31:50 IST" skipped="0">
  <testcase classname="com.qa.centrum.eng.test.CentrumSampleDifferentDietTest" name="cookieButton" time="4.199"/>
  <system-out/>
  <testcase classname="com.qa.centrum.eng.test.CentrumSampleDifferentDietTest" name="verifyVitaminDLinkOne" time="6.225"/>
  <system-out/>
  <testcase classname="com.qa.centrum.eng.test.CentrumSampleDifferentDietTest" name="verifyVitaminDLinkTwo" time="6.124"/>
  <system-out/>
  <testcase classname="com.qa.centrum.eng.test.CentrumSampleDifferentDietTest" name="verifyVitaminB12Link" time="6.457"/>
  <system-out/>
  <testcase classname="com.qa.centrum.eng.test.CentrumSampleDifferentDietTest" name="verifyOmega3Link" time="6.511"/>
  <system-out/>
  <testcase classname="com.qa.centrum.eng.test.CentrumSampleDifferentDietTest" name="verifyNutritionalSupportLinkOne" time="6.739"/>
  <system-out/>
  <testcase classname="com.qa.centrum.eng.test.CentrumSampleDifferentDietTest" name="verifyNutritionalSupportLinkTwo" time="15.684"/>
  <system-out/>
  <testcase classname="com.qa.centrum.eng.test.CentrumSampleDifferentDietTest" name="verifyNutritionalSupportLinkThree" time="6.570"/>
  <system-out/>
  <testcase classname="com.qa.centrum.eng.test.CentrumSampleDifferentDietTest" name="verifyNutritionalSupportLinkFour" time="9.943"/>
  <system-out/>
  <testcase classname="com.qa.centrum.eng.test.CentrumSampleDifferentDietTest" name="verifyShowReference" time="4.138"/>
  <system-out/>
  <testcase classname="com.qa.centrum.eng.test.CentrumSampleDifferentDietTest" name="verifyArticleOne" time="6.593"/>
  <system-out/>
  <testcase classname="com.qa.centrum.eng.test.CentrumSampleDifferentDietTest" name="verifyArticleTwo" time="6.778"/>
  <system-out/>
  <testcase classname="com.qa.centrum.eng.test.CentrumSampleDifferentDietTest" name="verifyArticleThree" time="6.814"/>
  <system-out/>
  <testcase classname="com.qa.centrum.eng.test.CentrumSampleDifferentDietTest" name="verifyArticleFour" time="6.339"/>
  <system-out/>
</testsuite> <!-- com.qa.centrum.eng.test.CentrumSampleDifferentDietTest -->
