<?xml version="1.0" encoding="UTF-8"?>
<!-- Generated by org.testng.reporters.JUnitReportReporter -->
<testsuite hostname="WKWZTPqvmdckJHX" failures="0" tests="12" name="com.qa.centrum.eng.test.CentrumSampleSupportBrainHealth" time="76.934" errors="0" timestamp="2022-09-16T12:34:06 IST" skipped="0">
  <testcase classname="com.qa.centrum.eng.test.CentrumSampleSupportBrainHealth" name="cookieButton" time="4.270"/>
  <system-out/>
  <testcase classname="com.qa.centrum.eng.test.CentrumSampleSupportBrainHealth" name="verifyGoodHealthLink" time="5.108"/>
  <system-out/>
  <testcase classname="com.qa.centrum.eng.test.CentrumSampleSupportBrainHealth" name="verifyFeedYourHeadLinkOne" time="6.019"/>
  <system-out/>
  <testcase classname="com.qa.centrum.eng.test.CentrumSampleSupportBrainHealth" name="verifyFeedYourHeadLinkTwo" time="6.161"/>
  <system-out/>
  <testcase classname="com.qa.centrum.eng.test.CentrumSampleSupportBrainHealth" name="verifyFeedYourHeadLinkThree" time="5.818"/>
  <system-out/>
  <testcase classname="com.qa.centrum.eng.test.CentrumSampleSupportBrainHealth" name="verifyFeedYourHeadLinkFour" time="5.854"/>
  <system-out/>
  <testcase classname="com.qa.centrum.eng.test.CentrumSampleSupportBrainHealth" name="verifyFeedYourHeadLinkFive" time="6.386"/>
  <system-out/>
  <testcase classname="com.qa.centrum.eng.test.CentrumSampleSupportBrainHealth" name="verifyShowReference" time="4.136"/>
  <system-out/>
  <testcase classname="com.qa.centrum.eng.test.CentrumSampleSupportBrainHealth" name="verifyArticleOne" time="5.668"/>
  <system-out/>
  <testcase classname="com.qa.centrum.eng.test.CentrumSampleSupportBrainHealth" name="verifyArticleTwo" time="5.788"/>
  <system-out/>
  <testcase classname="com.qa.centrum.eng.test.CentrumSampleSupportBrainHealth" name="verifyArticleThree" time="7.547"/>
  <system-out/>
  <testcase classname="com.qa.centrum.eng.test.CentrumSampleSupportBrainHealth" name="verifyArticleFour" time="14.179"/>
  <system-out/>
</testsuite> <!-- com.qa.centrum.eng.test.CentrumSampleSupportBrainHealth -->
