<?xml version="1.0" encoding="UTF-8"?>
<!-- Generated by org.testng.reporters.JUnitReportReporter -->
<testsuite hostname="WKWZTPqvmdckJHX" failures="0" tests="10" name="com.qa.tums.eng.test.SignsOfSevereHeartburnTest" time="137.298" errors="0" timestamp="2022-08-05T12:01:42 IST" skipped="1">
  <testcase classname="com.qa.tums.eng.test.SignsOfSevereHeartburnTest" name="verifyBreadCrumbHomeIconLink" time="5.446">
    <skipped/>
  </testcase> <!-- verifyBreadCrumbHomeIconLink -->
  <system-out/>
  <testcase classname="com.qa.tums.eng.test.SignsOfSevereHeartburnTest" name="verifyBreadCrumbHomeIconLink" time="12.731"/>
  <system-out/>
  <testcase classname="com.qa.tums.eng.test.SignsOfSevereHeartburnTest" name="verifyBreadCrumbHeartBurn101" time="12.552"/>
  <system-out/>
  <testcase classname="com.qa.tums.eng.test.SignsOfSevereHeartburnTest" name="verifyPainInYourChestLink" time="11.808"/>
  <system-out/>
  <testcase classname="com.qa.tums.eng.test.SignsOfSevereHeartburnTest" name="verifyNexium24HRLink" time="14.925"/>
  <system-out/>
  <testcase classname="com.qa.tums.eng.test.SignsOfSevereHeartburnTest" name="verifyreferenceLinkOne" time="41.671"/>
  <system-out/>
  <testcase classname="com.qa.tums.eng.test.SignsOfSevereHeartburnTest" name="verifyreferenceLinkTwo" time="14.028"/>
  <system-out/>
  <testcase classname="com.qa.tums.eng.test.SignsOfSevereHeartburnTest" name="verifySeeProductsLink" time="10.157"/>
  <system-out/>
  <testcase classname="com.qa.tums.eng.test.SignsOfSevereHeartburnTest" name="verifyCookieSettingsLink" time="6.549"/>
  <system-out/>
  <testcase classname="com.qa.tums.eng.test.SignsOfSevereHeartburnTest" name="launchTumsSiteVerifySevereHeartburn" time="7.431"/>
  <system-out/>
</testsuite> <!-- com.qa.tums.eng.test.SignsOfSevereHeartburnTest -->
