<?xml version="1.0" encoding="UTF-8"?>
<!-- Generated by org.testng.reporters.JUnitReportReporter -->
<testsuite hostname="WKWZTPqvmdckJHX" failures="0" tests="34" name="com.qa.centrum.eng.test.CentrumSampleSeleniumTest" time="334.138" errors="0" timestamp="2022-09-09T11:12:45 IST" skipped="0">
  <testcase classname="com.qa.centrum.eng.test.CentrumSampleSeleniumTest" name="cookieButton" time="5.842"/>
  <system-out/>
  <testcase classname="com.qa.centrum.eng.test.CentrumSampleSeleniumTest" name="verifyEnergy" time="11.760"/>
  <system-out/>
  <testcase classname="com.qa.centrum.eng.test.CentrumSampleSeleniumTest" name="verifyImmuneHealth" time="13.237"/>
  <system-out/>
  <testcase classname="com.qa.centrum.eng.test.CentrumSampleSeleniumTest" name="verifyArticleOne" time="7.994"/>
  <system-out/>
  <testcase classname="com.qa.centrum.eng.test.CentrumSampleSeleniumTest" name="verifyArticleTwo" time="7.361"/>
  <system-out/>
  <testcase classname="com.qa.centrum.eng.test.CentrumSampleSeleniumTest" name="verifyArticleThree" time="8.266"/>
  <system-out/>
  <testcase classname="com.qa.centrum.eng.test.CentrumSampleSeleniumTest" name="verifyArticleFour" time="8.126"/>
  <system-out/>
  <testcase classname="com.qa.centrum.eng.test.CentrumSampleSeleniumTest" name="verifyLearnMoreOne" time="10.871"/>
  <system-out/>
  <testcase classname="com.qa.centrum.eng.test.CentrumSampleSeleniumTest" name="verifyLearnMoreTwo" time="11.082"/>
  <system-out/>
  <testcase classname="com.qa.centrum.eng.test.CentrumSampleSeleniumTest" name="verifyLearnMoreThree" time="9.615"/>
  <system-out/>
  <testcase classname="com.qa.centrum.eng.test.CentrumSampleSeleniumTest" name="verifyLearnMoreFour" time="9.404"/>
  <system-out/>
  <testcase classname="com.qa.centrum.eng.test.CentrumSampleSeleniumTest" name="verifyFeaturedProduct" time="5.862"/>
  <system-out/>
  <testcase classname="com.qa.centrum.eng.test.CentrumSampleSeleniumTest" name="verifyProductMen" time="13.755"/>
  <system-out/>
  <testcase classname="com.qa.centrum.eng.test.CentrumSampleSeleniumTest" name="verifyProductMultiGummiesMen" time="13.650"/>
  <system-out/>
  <testcase classname="com.qa.centrum.eng.test.CentrumSampleSeleniumTest" name="verifyProductSilverWomen" time="12.768"/>
  <system-out/>
  <testcase classname="com.qa.centrum.eng.test.CentrumSampleSeleniumTest" name="verifyProductWomensMultivitamin" time="13.581"/>
  <system-out/>
  <testcase classname="com.qa.centrum.eng.test.CentrumSampleSeleniumTest" name="verifyEnergyFeatured" time="9.997"/>
  <system-out/>
  <testcase classname="com.qa.centrum.eng.test.CentrumSampleSeleniumTest" name="verifyImmuneHealthFeatured" time="9.870"/>
  <system-out/>
  <testcase classname="com.qa.centrum.eng.test.CentrumSampleSeleniumTest" name="verifyArticleOneFeatured" time="10.012"/>
  <system-out/>
  <testcase classname="com.qa.centrum.eng.test.CentrumSampleSeleniumTest" name="verifyArticleTwoFeatured" time="9.546"/>
  <system-out/>
  <testcase classname="com.qa.centrum.eng.test.CentrumSampleSeleniumTest" name="verifyArticleThreeFeatured" time="7.869"/>
  <system-out/>
  <testcase classname="com.qa.centrum.eng.test.CentrumSampleSeleniumTest" name="verifyArticleFourFeatured" time="8.813"/>
  <system-out/>
  <testcase classname="com.qa.centrum.eng.test.CentrumSampleSeleniumTest" name="verifyLearnMoreOneFeatured" time="10.170"/>
  <system-out/>
  <testcase classname="com.qa.centrum.eng.test.CentrumSampleSeleniumTest" name="verifyLearnMoreTwoFeatured" time="8.631"/>
  <system-out/>
  <testcase classname="com.qa.centrum.eng.test.CentrumSampleSeleniumTest" name="verifyLearnMoreThreeFeatured" time="12.074"/>
  <system-out/>
  <testcase classname="com.qa.centrum.eng.test.CentrumSampleSeleniumTest" name="verifyLearnMoreFourFeatured" time="10.172"/>
  <system-out/>
  <testcase classname="com.qa.centrum.eng.test.CentrumSampleSeleniumTest" name="verifyBuyNowOne" time="9.382"/>
  <system-out/>
  <testcase classname="com.qa.centrum.eng.test.CentrumSampleSeleniumTest" name="verifyBuyNowTwo" time="7.699"/>
  <system-out/>
  <testcase classname="com.qa.centrum.eng.test.CentrumSampleSeleniumTest" name="verifyBuyNowThree" time="6.907"/>
  <system-out/>
  <testcase classname="com.qa.centrum.eng.test.CentrumSampleSeleniumTest" name="verifyBuyNowFour" time="8.360"/>
  <system-out/>
  <testcase classname="com.qa.centrum.eng.test.CentrumSampleSeleniumTest" name="verifyCompareOne" time="12.181"/>
  <system-out/>
  <testcase classname="com.qa.centrum.eng.test.CentrumSampleSeleniumTest" name="verifyCompareTwo" time="9.673"/>
  <system-out/>
  <testcase classname="com.qa.centrum.eng.test.CentrumSampleSeleniumTest" name="verifyCompareThree" time="10.130"/>
  <system-out/>
  <testcase classname="com.qa.centrum.eng.test.CentrumSampleSeleniumTest" name="verifyCompareFour" time="9.478"/>
  <system-out/>
</testsuite> <!-- com.qa.centrum.eng.test.CentrumSampleSeleniumTest -->
