<?xml version="1.0" encoding="UTF-8"?>
<!-- Generated by org.testng.reporters.JUnitReportReporter -->
<testsuite hostname="WKWZTPqvmdckJHX" failures="0" tests="1" name="com.qa.centrum.eng.test.CentrumFooterPage" time="75.031" errors="0" timestamp="2022-08-24T17:35:26 IST" skipped="0">
  <testcase classname="com.qa.centrum.eng.test.CentrumFooterPage" name="verifyProductPage" time="75.031"/>
  <system-out/>
</testsuite> <!-- com.qa.centrum.eng.test.CentrumFooterPage -->
