<?xml version="1.0" encoding="UTF-8"?>
<!-- Generated by org.testng.reporters.JUnitReportReporter -->
<testsuite hostname="WKWZTPqvmdckJHX" failures="0" tests="1" name="com.qa.tums.eng.test.WhatDoesHeartBurnFeelLikeTest" time="14.184" errors="0" timestamp="2022-08-05T14:36:34 IST" skipped="0">
  <testcase classname="com.qa.tums.eng.test.WhatDoesHeartBurnFeelLikeTest" name="hearBurn101Test" time="14.184"/>
  <system-out/>
</testsuite> <!-- com.qa.tums.eng.test.WhatDoesHeartBurnFeelLikeTest -->
