<?xml version="1.0" encoding="UTF-8"?>
<!-- Generated by org.testng.reporters.JUnitReportReporter -->
<testsuite hostname="WKWZTPqvmdckJHX" failures="0" tests="1" name="com.qa.centrum.eng.test.CentrumProductPage" time="196.550" errors="0" timestamp="2022-08-22T11:54:42 IST" skipped="0">
  <testcase classname="com.qa.centrum.eng.test.CentrumProductPage" name="verifyProductPage" time="196.550"/>
  <system-out/>
</testsuite> <!-- com.qa.centrum.eng.test.CentrumProductPage -->
