<?xml version="1.0" encoding="UTF-8"?>
<!-- Generated by org.testng.reporters.JUnitReportReporter -->
<testsuite hostname="WKWZTPqvmdckJHX" failures="0" tests="7" name="com.qa.centrum.eng.test.CentrumSampleSourceOfZincTest" time="48.739" errors="0" timestamp="2022-09-19T11:57:58 IST" skipped="0">
  <testcase classname="com.qa.centrum.eng.test.CentrumSampleSourceOfZincTest" name="cookieButton" time="4.282"/>
  <system-out/>
  <testcase classname="com.qa.centrum.eng.test.CentrumSampleSourceOfZincTest" name="verifyVitaminB12Link" time="10.992"/>
  <system-out/>
  <testcase classname="com.qa.centrum.eng.test.CentrumSampleSourceOfZincTest" name="verifyShowReference" time="3.275"/>
  <system-out/>
  <testcase classname="com.qa.centrum.eng.test.CentrumSampleSourceOfZincTest" name="verifyArticleOne" time="7.259"/>
  <system-out/>
  <testcase classname="com.qa.centrum.eng.test.CentrumSampleSourceOfZincTest" name="verifyArticleTwo" time="5.262"/>
  <system-out/>
  <testcase classname="com.qa.centrum.eng.test.CentrumSampleSourceOfZincTest" name="verifyArticleThree" time="11.999"/>
  <system-out/>
  <testcase classname="com.qa.centrum.eng.test.CentrumSampleSourceOfZincTest" name="verifyArticleFour" time="5.670"/>
  <system-out/>
</testsuite> <!-- com.qa.centrum.eng.test.CentrumSampleSourceOfZincTest -->
