<?xml version="1.0" encoding="UTF-8"?>
<!-- Generated by org.testng.reporters.JUnitReportReporter -->
<testsuite hostname="WKWZTPqvmdckJHX" failures="0" tests="12" name="com.qa.centrum.eng.test.CentrumLearnPOMTest" time="101.763" errors="0" timestamp="2022-08-30T16:40:38 IST" skipped="0">
  <testcase classname="com.qa.centrum.eng.test.CentrumLearnPOMTest" name="cookieButton" time="5.626"/>
  <system-out/>
  <testcase classname="com.qa.centrum.eng.test.CentrumLearnPOMTest" name="learnButton" time="7.602"/>
  <system-out/>
  <testcase classname="com.qa.centrum.eng.test.CentrumLearnPOMTest" name="learnmoreButton" time="7.307"/>
  <system-out/>
  <testcase classname="com.qa.centrum.eng.test.CentrumLearnPOMTest" name="vitaminsButton" time="8.248"/>
  <system-out/>
  <testcase classname="com.qa.centrum.eng.test.CentrumLearnPOMTest" name="wellnessButton" time="9.161"/>
  <system-out/>
  <testcase classname="com.qa.centrum.eng.test.CentrumLearnPOMTest" name="importancevitaminsButton" time="8.479"/>
  <system-out/>
  <testcase classname="com.qa.centrum.eng.test.CentrumLearnPOMTest" name="NutrientsButton" time="7.115"/>
  <system-out/>
  <testcase classname="com.qa.centrum.eng.test.CentrumLearnPOMTest" name="LifestyleButton" time="13.499"/>
  <system-out/>
  <testcase classname="com.qa.centrum.eng.test.CentrumLearnPOMTest" name="FoodandNutritionButton" time="6.455"/>
  <system-out/>
  <testcase classname="com.qa.centrum.eng.test.CentrumLearnPOMTest" name="ArticlesButton" time="8.575"/>
  <system-out/>
  <testcase classname="com.qa.centrum.eng.test.CentrumLearnPOMTest" name="RichTextButton" time="9.644"/>
  <system-out/>
  <testcase classname="com.qa.centrum.eng.test.CentrumLearnPOMTest" name="RichText1Button" time="10.052"/>
  <system-out/>
</testsuite> <!-- com.qa.centrum.eng.test.CentrumLearnPOMTest -->
