<?xml version="1.0" encoding="UTF-8"?>
<!-- Generated by org.testng.reporters.JUnitReportReporter -->
<testsuite hostname="WKWZTPqvmdckJHX" failures="0" tests="37" name="com.qa.centrum.eng.test.CentrumSampleVitaminB6Test" time="1.093" errors="1" timestamp="2022-09-11T22:53:10 IST" skipped="36">
  <testcase classname="com.qa.centrum.eng.test.CentrumSampleVitaminB6Test" name="cookieButton" time="0.000">
    <skipped/>
  </testcase> <!-- cookieButton -->
  <system-out/>
  <testcase classname="com.qa.centrum.eng.test.CentrumSampleVitaminB6Test" name="launchingTheUrl" time="1.093">
    <error message="Entered URL is incorrect" type="java.lang.Exception">
      <![CDATA[java.lang.Exception: Entered URL is incorrect
at com.qa.baseClass.BaseClass.launchURL(BaseClass.java:123)
at com.qa.centrum.eng.test.CentrumSampleVitaminB6Test.launchingTheUrl(CentrumSampleVitaminB6Test.java:23)
at java.base/jdk.internal.reflect.DirectMethodHandleAccessor.invoke(DirectMethodHandleAccessor.java:104)
at java.base/java.lang.reflect.Method.invoke(Method.java:577)
at org.testng.internal.MethodInvocationHelper.invokeMethod(MethodInvocationHelper.java:133)
at org.testng.internal.MethodInvocationHelper.invokeMethodConsideringTimeout(MethodInvocationHelper.java:62)
at org.testng.internal.ConfigInvoker.invokeConfigurationMethod(ConfigInvoker.java:385)
at org.testng.internal.ConfigInvoker.invokeConfigurations(ConfigInvoker.java:321)
at org.testng.internal.TestInvoker.runConfigMethods(TestInvoker.java:700)
at org.testng.internal.TestInvoker.invokeMethod(TestInvoker.java:527)
at org.testng.internal.TestInvoker.invokeTestMethod(TestInvoker.java:173)
at org.testng.internal.MethodRunner.runInSequence(MethodRunner.java:46)
at org.testng.internal.TestInvoker$MethodInvocationAgent.invoke(TestInvoker.java:824)
at org.testng.internal.TestInvoker.invokeTestMethods(TestInvoker.java:146)
at org.testng.internal.TestMethodWorker.invokeTestMethods(TestMethodWorker.java:146)
at org.testng.internal.TestMethodWorker.run(TestMethodWorker.java:128)
at java.base/java.util.ArrayList.forEach(ArrayList.java:1511)
at org.testng.TestRunner.privateRun(TestRunner.java:794)
at org.testng.TestRunner.run(TestRunner.java:596)
at org.testng.SuiteRunner.runTest(SuiteRunner.java:377)
at org.testng.SuiteRunner.runSequentially(SuiteRunner.java:371)
at org.testng.SuiteRunner.privateRun(SuiteRunner.java:332)
at org.testng.SuiteRunner.run(SuiteRunner.java:276)
at org.testng.SuiteRunnerWorker.runSuite(SuiteRunnerWorker.java:53)
at org.testng.SuiteRunnerWorker.run(SuiteRunnerWorker.java:96)
at org.testng.TestNG.runSuitesSequentially(TestNG.java:1212)
at org.testng.TestNG.runSuitesLocally(TestNG.java:1134)
at org.testng.TestNG.runSuites(TestNG.java:1063)
at org.testng.TestNG.run(TestNG.java:1031)
at org.testng.remote.AbstractRemoteTestNG.run(AbstractRemoteTestNG.java:115)
at org.testng.remote.RemoteTestNG.initAndRun(RemoteTestNG.java:251)
at org.testng.remote.RemoteTestNG.main(RemoteTestNG.java:77)
]]>
    </error>
  </testcase> <!-- launchingTheUrl -->
  <system-out/>
  <testcase classname="com.qa.centrum.eng.test.CentrumSampleVitaminB6Test" name="verifyHeartHealth" time="0.000">
    <skipped/>
  </testcase> <!-- verifyHeartHealth -->
  <system-out/>
  <testcase classname="com.qa.centrum.eng.test.CentrumSampleVitaminB6Test" name="verifyEnergy" time="0.000">
    <skipped/>
  </testcase> <!-- verifyEnergy -->
  <system-out/>
  <testcase classname="com.qa.centrum.eng.test.CentrumSampleVitaminB6Test" name="verifyBrainHealth" time="0.000">
    <skipped/>
  </testcase> <!-- verifyBrainHealth -->
  <system-out/>
  <testcase classname="com.qa.centrum.eng.test.CentrumSampleVitaminB6Test" name="verifyArticleOne" time="0.000">
    <skipped/>
  </testcase> <!-- verifyArticleOne -->
  <system-out/>
  <testcase classname="com.qa.centrum.eng.test.CentrumSampleVitaminB6Test" name="verifyArticleTwo" time="0.000">
    <skipped/>
  </testcase> <!-- verifyArticleTwo -->
  <system-out/>
  <testcase classname="com.qa.centrum.eng.test.CentrumSampleVitaminB6Test" name="verifyArticleThree" time="0.000">
    <skipped/>
  </testcase> <!-- verifyArticleThree -->
  <system-out/>
  <testcase classname="com.qa.centrum.eng.test.CentrumSampleVitaminB6Test" name="verifyArticleFour" time="0.000">
    <skipped/>
  </testcase> <!-- verifyArticleFour -->
  <system-out/>
  <testcase classname="com.qa.centrum.eng.test.CentrumSampleVitaminB6Test" name="verifyLearnMoreOne" time="0.000">
    <skipped/>
  </testcase> <!-- verifyLearnMoreOne -->
  <system-out/>
  <testcase classname="com.qa.centrum.eng.test.CentrumSampleVitaminB6Test" name="verifyLearnMoreTwo" time="0.000">
    <skipped/>
  </testcase> <!-- verifyLearnMoreTwo -->
  <system-out/>
  <testcase classname="com.qa.centrum.eng.test.CentrumSampleVitaminB6Test" name="verifyLearnMoreThree" time="0.000">
    <skipped/>
  </testcase> <!-- verifyLearnMoreThree -->
  <system-out/>
  <testcase classname="com.qa.centrum.eng.test.CentrumSampleVitaminB6Test" name="verifyLearnMoreFour" time="0.000">
    <skipped/>
  </testcase> <!-- verifyLearnMoreFour -->
  <system-out/>
  <testcase classname="com.qa.centrum.eng.test.CentrumSampleVitaminB6Test" name="verifyFeaturedProduct" time="0.000">
    <skipped/>
  </testcase> <!-- verifyFeaturedProduct -->
  <system-out/>
  <testcase classname="com.qa.centrum.eng.test.CentrumSampleVitaminB6Test" name="verifyProductMen" time="0.000">
    <skipped/>
  </testcase> <!-- verifyProductMen -->
  <system-out/>
  <testcase classname="com.qa.centrum.eng.test.CentrumSampleVitaminB6Test" name="verifyProductMultiGummiesMen" time="0.000">
    <skipped/>
  </testcase> <!-- verifyProductMultiGummiesMen -->
  <system-out/>
  <testcase classname="com.qa.centrum.eng.test.CentrumSampleVitaminB6Test" name="verifyProductSilverWomen" time="0.000">
    <skipped/>
  </testcase> <!-- verifyProductSilverWomen -->
  <system-out/>
  <testcase classname="com.qa.centrum.eng.test.CentrumSampleVitaminB6Test" name="verifyProductWomensMultivitamin" time="0.000">
    <skipped/>
  </testcase> <!-- verifyProductWomensMultivitamin -->
  <system-out/>
  <testcase classname="com.qa.centrum.eng.test.CentrumSampleVitaminB6Test" name="verifyHeartHealthFeatured" time="0.000">
    <skipped/>
  </testcase> <!-- verifyHeartHealthFeatured -->
  <system-out/>
  <testcase classname="com.qa.centrum.eng.test.CentrumSampleVitaminB6Test" name="verifyEnergyFeatured" time="0.000">
    <skipped/>
  </testcase> <!-- verifyEnergyFeatured -->
  <system-out/>
  <testcase classname="com.qa.centrum.eng.test.CentrumSampleVitaminB6Test" name="verifyBrainHealthFeatured" time="0.000">
    <skipped/>
  </testcase> <!-- verifyBrainHealthFeatured -->
  <system-out/>
  <testcase classname="com.qa.centrum.eng.test.CentrumSampleVitaminB6Test" name="verifyArticleOneFeatured" time="0.000">
    <skipped/>
  </testcase> <!-- verifyArticleOneFeatured -->
  <system-out/>
  <testcase classname="com.qa.centrum.eng.test.CentrumSampleVitaminB6Test" name="verifyArticleTwoFeatured" time="0.000">
    <skipped/>
  </testcase> <!-- verifyArticleTwoFeatured -->
  <system-out/>
  <testcase classname="com.qa.centrum.eng.test.CentrumSampleVitaminB6Test" name="verifyArticleThreeFeatured" time="0.000">
    <skipped/>
  </testcase> <!-- verifyArticleThreeFeatured -->
  <system-out/>
  <testcase classname="com.qa.centrum.eng.test.CentrumSampleVitaminB6Test" name="verifyArticleFourFeatured" time="0.000">
    <skipped/>
  </testcase> <!-- verifyArticleFourFeatured -->
  <system-out/>
  <testcase classname="com.qa.centrum.eng.test.CentrumSampleVitaminB6Test" name="verifyLearnMoreOneFeatured" time="0.000">
    <skipped/>
  </testcase> <!-- verifyLearnMoreOneFeatured -->
  <system-out/>
  <testcase classname="com.qa.centrum.eng.test.CentrumSampleVitaminB6Test" name="verifyLearnMoreTwoFeatured" time="0.000">
    <skipped/>
  </testcase> <!-- verifyLearnMoreTwoFeatured -->
  <system-out/>
  <testcase classname="com.qa.centrum.eng.test.CentrumSampleVitaminB6Test" name="verifyLearnMoreThreeFeatured" time="0.000">
    <skipped/>
  </testcase> <!-- verifyLearnMoreThreeFeatured -->
  <system-out/>
  <testcase classname="com.qa.centrum.eng.test.CentrumSampleVitaminB6Test" name="verifyLearnMoreFourFeatured" time="0.000">
    <skipped/>
  </testcase> <!-- verifyLearnMoreFourFeatured -->
  <system-out/>
  <testcase classname="com.qa.centrum.eng.test.CentrumSampleVitaminB6Test" name="verifyBuyNowOne" time="0.000">
    <skipped/>
  </testcase> <!-- verifyBuyNowOne -->
  <system-out/>
  <testcase classname="com.qa.centrum.eng.test.CentrumSampleVitaminB6Test" name="verifyBuyNowTwo" time="0.000">
    <skipped/>
  </testcase> <!-- verifyBuyNowTwo -->
  <system-out/>
  <testcase classname="com.qa.centrum.eng.test.CentrumSampleVitaminB6Test" name="verifyBuyNowThree" time="0.000">
    <skipped/>
  </testcase> <!-- verifyBuyNowThree -->
  <system-out/>
  <testcase classname="com.qa.centrum.eng.test.CentrumSampleVitaminB6Test" name="verifyBuyNowFour" time="0.000">
    <skipped/>
  </testcase> <!-- verifyBuyNowFour -->
  <system-out/>
  <testcase classname="com.qa.centrum.eng.test.CentrumSampleVitaminB6Test" name="verifyCompareOne" time="0.000">
    <skipped/>
  </testcase> <!-- verifyCompareOne -->
  <system-out/>
  <testcase classname="com.qa.centrum.eng.test.CentrumSampleVitaminB6Test" name="verifyCompareTwo" time="0.000">
    <skipped/>
  </testcase> <!-- verifyCompareTwo -->
  <system-out/>
  <testcase classname="com.qa.centrum.eng.test.CentrumSampleVitaminB6Test" name="verifyCompareThree" time="0.000">
    <skipped/>
  </testcase> <!-- verifyCompareThree -->
  <system-out/>
  <testcase classname="com.qa.centrum.eng.test.CentrumSampleVitaminB6Test" name="verifyCompareFour" time="0.000">
    <skipped/>
  </testcase> <!-- verifyCompareFour -->
  <system-out/>
</testsuite> <!-- com.qa.centrum.eng.test.CentrumSampleVitaminB6Test -->
