<?xml version="1.0" encoding="UTF-8"?>
<!-- Generated by org.testng.reporters.JUnitReportReporter -->
<testsuite hostname="WKWZTPqvmdckJHX" failures="0" tests="95" name="com.qa.centrum.eng.test.CentrumSampleFaqsTest" time="576.925" errors="0" timestamp="2022-10-10T11:34:14 IST" skipped="0">
  <testcase classname="com.qa.centrum.eng.test.CentrumSampleFaqsTest" name="cookieButton" time="5.870"/>
  <system-out/>
  <testcase classname="com.qa.centrum.eng.test.CentrumSampleFaqsTest" name="verifyGeneralProductQuestionTwo" time="6.040"/>
  <system-out/>
  <testcase classname="com.qa.centrum.eng.test.CentrumSampleFaqsTest" name="verifyGeneralProductQuestionThree" time="5.057"/>
  <system-out/>
  <testcase classname="com.qa.centrum.eng.test.CentrumSampleFaqsTest" name="verifyGeneralProductQuestionFour" time="6.073"/>
  <system-out/>
  <testcase classname="com.qa.centrum.eng.test.CentrumSampleFaqsTest" name="verifyGeneralProductQuestionFive" time="5.435"/>
  <system-out/>
  <testcase classname="com.qa.centrum.eng.test.CentrumSampleFaqsTest" name="verifyGeneralProductQuestionSix" time="6.209"/>
  <system-out/>
  <testcase classname="com.qa.centrum.eng.test.CentrumSampleFaqsTest" name="verifyGeneralProductQuestionSeven" time="7.876"/>
  <system-out/>
  <testcase classname="com.qa.centrum.eng.test.CentrumSampleFaqsTest" name="verifyGeneralProductQuestionEight" time="5.078"/>
  <system-out/>
  <testcase classname="com.qa.centrum.eng.test.CentrumSampleFaqsTest" name="verifyGeneralProductQuestionNine" time="4.916"/>
  <system-out/>
  <testcase classname="com.qa.centrum.eng.test.CentrumSampleFaqsTest" name="verifyIngredientsOne" time="5.450"/>
  <system-out/>
  <testcase classname="com.qa.centrum.eng.test.CentrumSampleFaqsTest" name="verifyIngredientsTwo" time="5.938"/>
  <system-out/>
  <testcase classname="com.qa.centrum.eng.test.CentrumSampleFaqsTest" name="verifyIngredientsThree" time="5.717"/>
  <system-out/>
  <testcase classname="com.qa.centrum.eng.test.CentrumSampleFaqsTest" name="verifyIngredientsFour" time="5.027"/>
  <system-out/>
  <testcase classname="com.qa.centrum.eng.test.CentrumSampleFaqsTest" name="verifyIngredientsFive" time="4.973"/>
  <system-out/>
  <testcase classname="com.qa.centrum.eng.test.CentrumSampleFaqsTest" name="verifyIngredientsSix" time="5.284"/>
  <system-out/>
  <testcase classname="com.qa.centrum.eng.test.CentrumSampleFaqsTest" name="verifyIngredientsSeven" time="6.136"/>
  <system-out/>
  <testcase classname="com.qa.centrum.eng.test.CentrumSampleFaqsTest" name="verifyIngredientsEight" time="6.110"/>
  <system-out/>
  <testcase classname="com.qa.centrum.eng.test.CentrumSampleFaqsTest" name="verifyIngredientsNine" time="4.558"/>
  <system-out/>
  <testcase classname="com.qa.centrum.eng.test.CentrumSampleFaqsTest" name="verifyIngredientsTen" time="6.457"/>
  <system-out/>
  <testcase classname="com.qa.centrum.eng.test.CentrumSampleFaqsTest" name="verifyIngredientsEleven" time="5.110"/>
  <system-out/>
  <testcase classname="com.qa.centrum.eng.test.CentrumSampleFaqsTest" name="verifyIngredientsTweleve" time="5.485"/>
  <system-out/>
  <testcase classname="com.qa.centrum.eng.test.CentrumSampleFaqsTest" name="verifyIngredientsThirteen" time="6.043"/>
  <system-out/>
  <testcase classname="com.qa.centrum.eng.test.CentrumSampleFaqsTest" name="verifyIngredientsFourteen" time="5.605"/>
  <system-out/>
  <testcase classname="com.qa.centrum.eng.test.CentrumSampleFaqsTest" name="verifyIngredientsFifteen" time="7.034"/>
  <system-out/>
  <testcase classname="com.qa.centrum.eng.test.CentrumSampleFaqsTest" name="verifyIngredientsSixteen" time="4.713"/>
  <system-out/>
  <testcase classname="com.qa.centrum.eng.test.CentrumSampleFaqsTest" name="verifyCentrumSilverOne" time="6.196"/>
  <system-out/>
  <testcase classname="com.qa.centrum.eng.test.CentrumSampleFaqsTest" name="verifyCentrumSilverTwo" time="6.082"/>
  <system-out/>
  <testcase classname="com.qa.centrum.eng.test.CentrumSampleFaqsTest" name="verifyCentrumSilverThree" time="5.513"/>
  <system-out/>
  <testcase classname="com.qa.centrum.eng.test.CentrumSampleFaqsTest" name="verifyCentrumSilverFour" time="5.675"/>
  <system-out/>
  <testcase classname="com.qa.centrum.eng.test.CentrumSampleFaqsTest" name="verifyCentrumSpecialistOne" time="5.600"/>
  <system-out/>
  <testcase classname="com.qa.centrum.eng.test.CentrumSampleFaqsTest" name="verifyCentrumSpecialistTwo" time="6.475"/>
  <system-out/>
  <testcase classname="com.qa.centrum.eng.test.CentrumSampleFaqsTest" name="verifyKidsOne" time="4.826"/>
  <system-out/>
  <testcase classname="com.qa.centrum.eng.test.CentrumSampleFaqsTest" name="verifyKidsTwo" time="4.989"/>
  <system-out/>
  <testcase classname="com.qa.centrum.eng.test.CentrumSampleFaqsTest" name="verifMultigummiesOne" time="5.193"/>
  <system-out/>
  <testcase classname="com.qa.centrum.eng.test.CentrumSampleFaqsTest" name="verifMultigummiesTwo" time="5.653"/>
  <system-out/>
  <testcase classname="com.qa.centrum.eng.test.CentrumSampleFaqsTest" name="verifMultigummiesThree" time="4.906"/>
  <system-out/>
  <testcase classname="com.qa.centrum.eng.test.CentrumSampleFaqsTest" name="verifMultigummiesFour" time="6.142"/>
  <system-out/>
  <testcase classname="com.qa.centrum.eng.test.CentrumSampleFaqsTest" name="verifMultigummiesFive" time="5.708"/>
  <system-out/>
  <testcase classname="com.qa.centrum.eng.test.CentrumSampleFaqsTest" name="verifMultigummiesSix" time="5.025"/>
  <system-out/>
  <testcase classname="com.qa.centrum.eng.test.CentrumSampleFaqsTest" name="verifMultigummiesSeven" time="6.630"/>
  <system-out/>
  <testcase classname="com.qa.centrum.eng.test.CentrumSampleFaqsTest" name="verifMultigummiesEight" time="6.737"/>
  <system-out/>
  <testcase classname="com.qa.centrum.eng.test.CentrumSampleFaqsTest" name="verifMultigummiesNine" time="6.533"/>
  <system-out/>
  <testcase classname="com.qa.centrum.eng.test.CentrumSampleFaqsTest" name="verifMultigummiesTen" time="5.333"/>
  <system-out/>
  <testcase classname="com.qa.centrum.eng.test.CentrumSampleFaqsTest" name="verifMultigummiesEleven" time="7.181"/>
  <system-out/>
  <testcase classname="com.qa.centrum.eng.test.CentrumSampleFaqsTest" name="verifMultigummiesTwelve" time="6.322"/>
  <system-out/>
  <testcase classname="com.qa.centrum.eng.test.CentrumSampleFaqsTest" name="verifMultigummiesThirteen" time="5.910"/>
  <system-out/>
  <testcase classname="com.qa.centrum.eng.test.CentrumSampleFaqsTest" name="verifMultiBeautyOne" time="6.472"/>
  <system-out/>
  <testcase classname="com.qa.centrum.eng.test.CentrumSampleFaqsTest" name="verifMultiBeautyTwo" time="7.822"/>
  <system-out/>
  <testcase classname="com.qa.centrum.eng.test.CentrumSampleFaqsTest" name="verifMultiBeautyThree" time="7.302"/>
  <system-out/>
  <testcase classname="com.qa.centrum.eng.test.CentrumSampleFaqsTest" name="verifMultiBeautyFour" time="5.840"/>
  <system-out/>
  <testcase classname="com.qa.centrum.eng.test.CentrumSampleFaqsTest" name="verifMultiOmega3One" time="6.962"/>
  <system-out/>
  <testcase classname="com.qa.centrum.eng.test.CentrumSampleFaqsTest" name="verifMultiOmega3Two" time="6.904"/>
  <system-out/>
  <testcase classname="com.qa.centrum.eng.test.CentrumSampleFaqsTest" name="verifMultiOmega3Three" time="6.236"/>
  <system-out/>
  <testcase classname="com.qa.centrum.eng.test.CentrumSampleFaqsTest" name="verifMultiOmega3Four" time="6.418"/>
  <system-out/>
  <testcase classname="com.qa.centrum.eng.test.CentrumSampleFaqsTest" name="verifMultiOmega3MenAndWomenOne" time="7.294"/>
  <system-out/>
  <testcase classname="com.qa.centrum.eng.test.CentrumSampleFaqsTest" name="verifMultiOmega3MenAndWomenTwo" time="7.022"/>
  <system-out/>
  <testcase classname="com.qa.centrum.eng.test.CentrumSampleFaqsTest" name="verifMultiOmega3MenAndWomenThree" time="6.082"/>
  <system-out/>
  <testcase classname="com.qa.centrum.eng.test.CentrumSampleFaqsTest" name="verifMultiOmega3MenAndWomenFour" time="6.533"/>
  <system-out/>
  <testcase classname="com.qa.centrum.eng.test.CentrumSampleFaqsTest" name="verifMultiOmega3MenAndWomenFive" time="4.749"/>
  <system-out/>
  <testcase classname="com.qa.centrum.eng.test.CentrumSampleFaqsTest" name="verifMultiOmega3MenAndWomenSix" time="5.871"/>
  <system-out/>
  <testcase classname="com.qa.centrum.eng.test.CentrumSampleFaqsTest" name="verifMultiOmega3MenAndWomenSeven" time="6.877"/>
  <system-out/>
  <testcase classname="com.qa.centrum.eng.test.CentrumSampleFaqsTest" name="verifMultiAntioxidantsOne" time="6.793"/>
  <system-out/>
  <testcase classname="com.qa.centrum.eng.test.CentrumSampleFaqsTest" name="verifMultiAntioxidantsTwo" time="6.263"/>
  <system-out/>
  <testcase classname="com.qa.centrum.eng.test.CentrumSampleFaqsTest" name="verifMultiAntioxidantsThree" time="6.511"/>
  <system-out/>
  <testcase classname="com.qa.centrum.eng.test.CentrumSampleFaqsTest" name="verifMultiAntioxidantsFour" time="6.642"/>
  <system-out/>
  <testcase classname="com.qa.centrum.eng.test.CentrumSampleFaqsTest" name="verifMultiAntioxidantsFive" time="7.628"/>
  <system-out/>
  <testcase classname="com.qa.centrum.eng.test.CentrumSampleFaqsTest" name="verifMultiAntioxidantsSix" time="6.975"/>
  <system-out/>
  <testcase classname="com.qa.centrum.eng.test.CentrumSampleFaqsTest" name="verifMultiAntioxidantsSeven" time="6.551"/>
  <system-out/>
  <testcase classname="com.qa.centrum.eng.test.CentrumSampleFaqsTest" name="verifMultiAntioxidantsEight" time="5.871"/>
  <system-out/>
  <testcase classname="com.qa.centrum.eng.test.CentrumSampleFaqsTest" name="verifMultiAntioxidantsNine" time="6.849"/>
  <system-out/>
  <testcase classname="com.qa.centrum.eng.test.CentrumSampleFaqsTest" name="verifMultiAntioxidantsTen" time="6.522"/>
  <system-out/>
  <testcase classname="com.qa.centrum.eng.test.CentrumSampleFaqsTest" name="verifMultiAntioxidantsEleven" time="6.916"/>
  <system-out/>
  <testcase classname="com.qa.centrum.eng.test.CentrumSampleFaqsTest" name="verifMenAndWomen50PlusOne" time="6.938"/>
  <system-out/>
  <testcase classname="com.qa.centrum.eng.test.CentrumSampleFaqsTest" name="verifMenAndWomen50PlusTwo" time="9.994"/>
  <system-out/>
  <testcase classname="com.qa.centrum.eng.test.CentrumSampleFaqsTest" name="verifMenAndWomen50PlusThree" time="6.245"/>
  <system-out/>
  <testcase classname="com.qa.centrum.eng.test.CentrumSampleFaqsTest" name="verifMenAndWomen50PlusFour" time="5.688"/>
  <system-out/>
  <testcase classname="com.qa.centrum.eng.test.CentrumSampleFaqsTest" name="verifTargettedSupplementsOne" time="5.852"/>
  <system-out/>
  <testcase classname="com.qa.centrum.eng.test.CentrumSampleFaqsTest" name="verifBenefitBlendsOne" time="5.889"/>
  <system-out/>
  <testcase classname="com.qa.centrum.eng.test.CentrumSampleFaqsTest" name="verifBenefitBlendsTwo" time="6.353"/>
  <system-out/>
  <testcase classname="com.qa.centrum.eng.test.CentrumSampleFaqsTest" name="verifCentrumOrganicMultigummiesOne" time="5.403"/>
  <system-out/>
  <testcase classname="com.qa.centrum.eng.test.CentrumSampleFaqsTest" name="verifCentrumOrganicMultigummiesTwo" time="5.945"/>
  <system-out/>
  <testcase classname="com.qa.centrum.eng.test.CentrumSampleFaqsTest" name="verifCentrumOrganicMultigummiesThree" time="6.381"/>
  <system-out/>
  <testcase classname="com.qa.centrum.eng.test.CentrumSampleFaqsTest" name="verifDailyWellnessPacksOne" time="6.409"/>
  <system-out/>
  <testcase classname="com.qa.centrum.eng.test.CentrumSampleFaqsTest" name="verifDailyWellnessPacksTwo" time="5.090"/>
  <system-out/>
  <testcase classname="com.qa.centrum.eng.test.CentrumSampleFaqsTest" name="verifDailyWellnessPacksThree" time="5.703"/>
  <system-out/>
  <testcase classname="com.qa.centrum.eng.test.CentrumSampleFaqsTest" name="verifDailyWellnessPacksFour" time="6.184"/>
  <system-out/>
  <testcase classname="com.qa.centrum.eng.test.CentrumSampleFaqsTest" name="verifDailyWellnessPacksFive" time="5.943"/>
  <system-out/>
  <testcase classname="com.qa.centrum.eng.test.CentrumSampleFaqsTest" name="verifDailyWellnessPacksSix" time="6.701"/>
  <system-out/>
  <testcase classname="com.qa.centrum.eng.test.CentrumSampleFaqsTest" name="verifDailyWellnessPacksSeven" time="5.720"/>
  <system-out/>
  <testcase classname="com.qa.centrum.eng.test.CentrumSampleFaqsTest" name="verifDailyWellnessPacksEight" time="5.713"/>
  <system-out/>
  <testcase classname="com.qa.centrum.eng.test.CentrumSampleFaqsTest" name="verifDailyWellnessPacksNine" time="6.146"/>
  <system-out/>
  <testcase classname="com.qa.centrum.eng.test.CentrumSampleFaqsTest" name="verifDailyWellnessPacksTen" time="6.102"/>
  <system-out/>
  <testcase classname="com.qa.centrum.eng.test.CentrumSampleFaqsTest" name="verifDailyWellnessPacksEleven" time="5.887"/>
  <system-out/>
  <testcase classname="com.qa.centrum.eng.test.CentrumSampleFaqsTest" name="verifDailyWellnessPacksTwelve" time="5.108"/>
  <system-out/>
  <testcase classname="com.qa.centrum.eng.test.CentrumSampleFaqsTest" name="verifDailyWellnessPacksThirteen" time="4.803"/>
  <system-out/>
</testsuite> <!-- com.qa.centrum.eng.test.CentrumSampleFaqsTest -->
