<?xml version="1.0" encoding="UTF-8"?>
<!-- Generated by org.testng.reporters.JUnitReportReporter -->
<testsuite hostname="WKWZTPqvmdckJHX" failures="0" tests="9" name="com.qa.centrum.eng.test.CentrumSampleBestVitaminForKidsTest" time="86.171" errors="0" timestamp="2022-09-21T15:23:31 IST" skipped="0">
  <testcase classname="com.qa.centrum.eng.test.CentrumSampleBestVitaminForKidsTest" name="cookieButton" time="4.227"/>
  <system-out/>
  <testcase classname="com.qa.centrum.eng.test.CentrumSampleBestVitaminForKidsTest" name="verifyDietLink" time="6.880"/>
  <system-out/>
  <testcase classname="com.qa.centrum.eng.test.CentrumSampleBestVitaminForKidsTest" name="verifyVitaminLinkOne" time="6.084"/>
  <system-out/>
  <testcase classname="com.qa.centrum.eng.test.CentrumSampleBestVitaminForKidsTest" name="verifyVitaminLinkTwo" time="6.149"/>
  <system-out/>
  <testcase classname="com.qa.centrum.eng.test.CentrumSampleBestVitaminForKidsTest" name="verifyShowReference" time="4.438"/>
  <system-out/>
  <testcase classname="com.qa.centrum.eng.test.CentrumSampleBestVitaminForKidsTest" name="verifyArticleOne" time="6.168"/>
  <system-out/>
  <testcase classname="com.qa.centrum.eng.test.CentrumSampleBestVitaminForKidsTest" name="verifyArticleTwo" time="6.821"/>
  <system-out/>
  <testcase classname="com.qa.centrum.eng.test.CentrumSampleBestVitaminForKidsTest" name="verifyArticleThree" time="7.043"/>
  <system-out/>
  <testcase classname="com.qa.centrum.eng.test.CentrumSampleBestVitaminForKidsTest" name="verifyArticleFour" time="38.361"/>
  <system-out/>
</testsuite> <!-- com.qa.centrum.eng.test.CentrumSampleBestVitaminForKidsTest -->
