<?xml version="1.0" encoding="UTF-8"?>
<!-- Generated by org.testng.reporters.JUnitReportReporter -->
<testsuite hostname="WKWZTPqvmdckJHX" failures="0" tests="10" name="com.qa.centrum.eng.test.CentrumSampleChromiumTest" time="112.170" errors="0" timestamp="2022-09-06T11:24:39 IST" skipped="0">
  <testcase classname="com.qa.centrum.eng.test.CentrumSampleChromiumTest" name="cookieButton" time="7.979"/>
  <system-out/>
  <testcase classname="com.qa.centrum.eng.test.CentrumSampleChromiumTest" name="verifyEnergyFeatured" time="14.138"/>
  <system-out/>
  <testcase classname="com.qa.centrum.eng.test.CentrumSampleChromiumTest" name="verifyArticleOneFeatured" time="11.243"/>
  <system-out/>
  <testcase classname="com.qa.centrum.eng.test.CentrumSampleChromiumTest" name="verifyArticleTwoFeatured" time="10.722"/>
  <system-out/>
  <testcase classname="com.qa.centrum.eng.test.CentrumSampleChromiumTest" name="verifyArticleThreeFeatured" time="10.013"/>
  <system-out/>
  <testcase classname="com.qa.centrum.eng.test.CentrumSampleChromiumTest" name="verifyArticleFourFeatured" time="8.969"/>
  <system-out/>
  <testcase classname="com.qa.centrum.eng.test.CentrumSampleChromiumTest" name="verifyLearnMoreOneFeatured" time="15.360"/>
  <system-out/>
  <testcase classname="com.qa.centrum.eng.test.CentrumSampleChromiumTest" name="verifyLearnMoreTwoFeatured" time="10.613"/>
  <system-out/>
  <testcase classname="com.qa.centrum.eng.test.CentrumSampleChromiumTest" name="verifyLearnMoreThreeFeatured" time="11.694"/>
  <system-out/>
  <testcase classname="com.qa.centrum.eng.test.CentrumSampleChromiumTest" name="verifyLearnMoreFourFeatured" time="11.439"/>
  <system-out/>
</testsuite> <!-- com.qa.centrum.eng.test.CentrumSampleChromiumTest -->
