<?xml version="1.0" encoding="UTF-8"?>
<!-- Generated by org.testng.reporters.JUnitReportReporter -->
<testsuite hostname="WKWZTPqvmdckJHX" failures="0" tests="1" name="com.qa.tums.eng.test.HomePageTest" time="11.251" errors="0" timestamp="2022-09-12T12:44:15 IST" skipped="0">
  <testcase classname="com.qa.tums.eng.test.HomePageTest" name="verifyTheLearnMoreLink" time="11.251"/>
  <system-out/>
</testsuite> <!-- com.qa.tums.eng.test.HomePageTest -->
