<?xml version="1.0" encoding="UTF-8"?>
<!-- Generated by org.testng.reporters.JUnitReportReporter -->
<testsuite hostname="WKWZTPqvmdckJHX" failures="0" tests="8" name="com.qa.centrum.eng.test.CentrumSampleHealthyHomemadeTest" time="91.844" errors="0" timestamp="2022-09-19T17:42:17 IST" skipped="0">
  <testcase classname="com.qa.centrum.eng.test.CentrumSampleHealthyHomemadeTest" name="cookieButton" time="4.119"/>
  <system-out/>
  <testcase classname="com.qa.centrum.eng.test.CentrumSampleHealthyHomemadeTest" name="verifySweetPotatoesLinkOne" time="28.480"/>
  <system-out/>
  <testcase classname="com.qa.centrum.eng.test.CentrumSampleHealthyHomemadeTest" name="verifySweetPotatoesLinkTwo" time="9.256"/>
  <system-out/>
  <testcase classname="com.qa.centrum.eng.test.CentrumSampleHealthyHomemadeTest" name="verifySweetPotatoesLinkThree" time="9.839"/>
  <system-out/>
  <testcase classname="com.qa.centrum.eng.test.CentrumSampleHealthyHomemadeTest" name="verifyArticleOne" time="7.229"/>
  <system-out/>
  <testcase classname="com.qa.centrum.eng.test.CentrumSampleHealthyHomemadeTest" name="verifyArticleTwo" time="9.093"/>
  <system-out/>
  <testcase classname="com.qa.centrum.eng.test.CentrumSampleHealthyHomemadeTest" name="verifyArticleThree" time="16.216"/>
  <system-out/>
  <testcase classname="com.qa.centrum.eng.test.CentrumSampleHealthyHomemadeTest" name="verifyArticleFour" time="7.612"/>
  <system-out/>
</testsuite> <!-- com.qa.centrum.eng.test.CentrumSampleHealthyHomemadeTest -->
