<?xml version="1.0" encoding="UTF-8"?>
<!-- Generated by org.testng.reporters.JUnitReportReporter -->
<testsuite hostname="WKWZTPqvmdckJHX" failures="0" tests="4" name="com.qa.centrum.eng.test.CentrumSampleVitaminATest" time="42.954" errors="0" timestamp="2022-09-08T15:24:20 IST" skipped="0">
  <testcase classname="com.qa.centrum.eng.test.CentrumSampleVitaminATest" name="cookieButton" time="7.503"/>
  <system-out/>
  <testcase classname="com.qa.centrum.eng.test.CentrumSampleVitaminATest" name="verifyBuyNowThree" time="9.240"/>
  <system-out/>
  <testcase classname="com.qa.centrum.eng.test.CentrumSampleVitaminATest" name="verifyBuyNowFour" time="13.304"/>
  <system-out/>
  <testcase classname="com.qa.centrum.eng.test.CentrumSampleVitaminATest" name="verifyCompareThree" time="12.907"/>
  <system-out/>
</testsuite> <!-- com.qa.centrum.eng.test.CentrumSampleVitaminATest -->
