<?xml version="1.0" encoding="UTF-8"?>
<!-- Generated by org.testng.reporters.JUnitReportReporter -->
<testsuite hostname="WKWZTPqvmdckJHX" failures="0" tests="10" name="com.qa.centrum.eng.test.CentrumSamplePaleoVitaminTest" time="74.141" errors="0" timestamp="2022-09-16T18:06:10 IST" skipped="0">
  <testcase classname="com.qa.centrum.eng.test.CentrumSamplePaleoVitaminTest" name="cookieButton" time="4.502"/>
  <system-out/>
  <testcase classname="com.qa.centrum.eng.test.CentrumSamplePaleoVitaminTest" name="verifyCalciumLink" time="6.585"/>
  <system-out/>
  <testcase classname="com.qa.centrum.eng.test.CentrumSamplePaleoVitaminTest" name="verifyVitaminBLink" time="6.731"/>
  <system-out/>
  <testcase classname="com.qa.centrum.eng.test.CentrumSamplePaleoVitaminTest" name="verifyVitaminDLink" time="10.825"/>
  <system-out/>
  <testcase classname="com.qa.centrum.eng.test.CentrumSamplePaleoVitaminTest" name="verifyCentrumProduct" time="7.310"/>
  <system-out/>
  <testcase classname="com.qa.centrum.eng.test.CentrumSamplePaleoVitaminTest" name="verifyShowReference" time="4.229"/>
  <system-out/>
  <testcase classname="com.qa.centrum.eng.test.CentrumSamplePaleoVitaminTest" name="verifyArticleOne" time="9.117"/>
  <system-out/>
  <testcase classname="com.qa.centrum.eng.test.CentrumSamplePaleoVitaminTest" name="verifyArticleTwo" time="8.840"/>
  <system-out/>
  <testcase classname="com.qa.centrum.eng.test.CentrumSamplePaleoVitaminTest" name="verifyArticleThree" time="6.229"/>
  <system-out/>
  <testcase classname="com.qa.centrum.eng.test.CentrumSamplePaleoVitaminTest" name="verifyArticleFour" time="9.773"/>
  <system-out/>
</testsuite> <!-- com.qa.centrum.eng.test.CentrumSamplePaleoVitaminTest -->
