<?xml version="1.0" encoding="UTF-8"?>
<!-- Generated by org.testng.reporters.JUnitReportReporter -->
<testsuite hostname="WKWZTPqvmdckJHX" failures="0" tests="9" name="com.qa.centrum.eng.test.CentrumSampleBestVitaminForWomenTest" time="69.946" errors="0" timestamp="2022-09-22T11:40:42 IST" skipped="0">
  <testcase classname="com.qa.centrum.eng.test.CentrumSampleBestVitaminForWomenTest" name="cookieButton" time="3.882"/>
  <system-out/>
  <testcase classname="com.qa.centrum.eng.test.CentrumSampleBestVitaminForWomenTest" name="verifyMultivitaminForWomenLink" time="19.724"/>
  <system-out/>
  <testcase classname="com.qa.centrum.eng.test.CentrumSampleBestVitaminForWomenTest" name="verifyHealthyAgingLinkOne" time="12.931"/>
  <system-out/>
  <testcase classname="com.qa.centrum.eng.test.CentrumSampleBestVitaminForWomenTest" name="verifyHealthyAgingLinkTwo" time="4.250"/>
  <system-out/>
  <testcase classname="com.qa.centrum.eng.test.CentrumSampleBestVitaminForWomenTest" name="verifyShowReference" time="3.938"/>
  <system-out/>
  <testcase classname="com.qa.centrum.eng.test.CentrumSampleBestVitaminForWomenTest" name="verifyArticleOne" time="6.351"/>
  <system-out/>
  <testcase classname="com.qa.centrum.eng.test.CentrumSampleBestVitaminForWomenTest" name="verifyArticleTwo" time="6.800"/>
  <system-out/>
  <testcase classname="com.qa.centrum.eng.test.CentrumSampleBestVitaminForWomenTest" name="verifyArticleThree" time="6.491"/>
  <system-out/>
  <testcase classname="com.qa.centrum.eng.test.CentrumSampleBestVitaminForWomenTest" name="verifyArticleFour" time="5.579"/>
  <system-out/>
</testsuite> <!-- com.qa.centrum.eng.test.CentrumSampleBestVitaminForWomenTest -->
