<?xml version="1.0" encoding="UTF-8"?>
<!-- Generated by org.testng.reporters.JUnitReportReporter -->
<testsuite hostname="WKWZTPqvmdckJHX" failures="0" tests="1" name="com.qa.centrum.eng.test.CentrumCompareProduct" time="23.660" errors="0" timestamp="2022-08-22T13:14:52 IST" skipped="0">
  <testcase classname="com.qa.centrum.eng.test.CentrumCompareProduct" name="verifyProductPage" time="23.660"/>
  <system-out/>
</testsuite> <!-- com.qa.centrum.eng.test.CentrumCompareProduct -->
