<?xml version="1.0" encoding="UTF-8"?>
<!-- Generated by org.testng.reporters.JUnitReportReporter -->
<testsuite hostname="WKWZTPqvmdckJHX" failures="0" tests="10" name="com.qa.centrum.eng.test.CentrumSampleIronForWomenTest" time="123.627" errors="0" timestamp="2022-09-20T17:53:03 IST" skipped="0">
  <testcase classname="com.qa.centrum.eng.test.CentrumSampleIronForWomenTest" name="cookieButton" time="4.510"/>
  <system-out/>
  <testcase classname="com.qa.centrum.eng.test.CentrumSampleIronForWomenTest" name="VerifyIronDietLinkOne" time="16.671"/>
  <system-out/>
  <testcase classname="com.qa.centrum.eng.test.CentrumSampleIronForWomenTest" name="VerifyIronDietLinkTwo" time="10.782"/>
  <system-out/>
  <testcase classname="com.qa.centrum.eng.test.CentrumSampleIronForWomenTest" name="VerifyIronDietLinkThree" time="13.429"/>
  <system-out/>
  <testcase classname="com.qa.centrum.eng.test.CentrumSampleIronForWomenTest" name="VerifyIronDietLinkFour" time="10.879"/>
  <system-out/>
  <testcase classname="com.qa.centrum.eng.test.CentrumSampleIronForWomenTest" name="verifyShowReference" time="4.721"/>
  <system-out/>
  <testcase classname="com.qa.centrum.eng.test.CentrumSampleIronForWomenTest" name="verifyArticleOne" time="7.027"/>
  <system-out/>
  <testcase classname="com.qa.centrum.eng.test.CentrumSampleIronForWomenTest" name="verifyArticleTwo" time="7.764"/>
  <system-out/>
  <testcase classname="com.qa.centrum.eng.test.CentrumSampleIronForWomenTest" name="verifyArticleThree" time="7.938"/>
  <system-out/>
  <testcase classname="com.qa.centrum.eng.test.CentrumSampleIronForWomenTest" name="verifyArticleFour" time="39.906"/>
  <system-out/>
</testsuite> <!-- com.qa.centrum.eng.test.CentrumSampleIronForWomenTest -->
