<?xml version="1.0" encoding="UTF-8"?>
<!-- Generated by org.testng.reporters.JUnitReportReporter -->
<testsuite hostname="WKWZTPqvmdckJHX" failures="0" tests="9" name="com.qa.centrum.eng.test.CentrumSampleVitaminForWomenTest" time="95.831" errors="0" timestamp="2022-09-20T12:13:05 IST" skipped="0">
  <testcase classname="com.qa.centrum.eng.test.CentrumSampleVitaminForWomenTest" name="cookieButton" time="5.643"/>
  <system-out/>
  <testcase classname="com.qa.centrum.eng.test.CentrumSampleVitaminForWomenTest" name="verifyMulitivitaminLink" time="16.875"/>
  <system-out/>
  <testcase classname="com.qa.centrum.eng.test.CentrumSampleVitaminForWomenTest" name="verifyWomensVitaminLinkOne" time="12.086"/>
  <system-out/>
  <testcase classname="com.qa.centrum.eng.test.CentrumSampleVitaminForWomenTest" name="verifyWomensVitaminLinkTwo" time="4.726"/>
  <system-out/>
  <testcase classname="com.qa.centrum.eng.test.CentrumSampleVitaminForWomenTest" name="verifyShowReference" time="3.752"/>
  <system-out/>
  <testcase classname="com.qa.centrum.eng.test.CentrumSampleVitaminForWomenTest" name="verifyArticleOne" time="14.705"/>
  <system-out/>
  <testcase classname="com.qa.centrum.eng.test.CentrumSampleVitaminForWomenTest" name="verifyArticleTwo" time="13.168"/>
  <system-out/>
  <testcase classname="com.qa.centrum.eng.test.CentrumSampleVitaminForWomenTest" name="verifyArticleThree" time="13.487"/>
  <system-out/>
  <testcase classname="com.qa.centrum.eng.test.CentrumSampleVitaminForWomenTest" name="verifyArticleFour" time="11.389"/>
  <system-out/>
</testsuite> <!-- com.qa.centrum.eng.test.CentrumSampleVitaminForWomenTest -->
