<?xml version="1.0" encoding="UTF-8"?>
<!-- Generated by org.testng.reporters.JUnitReportReporter -->
<testsuite hostname="WKWZTPqvmdckJHX" failures="0" tests="6" name="com.qa.centrum.eng.test.CentrumSampleGummyVitaminTest" time="37.723" errors="0" timestamp="2022-09-20T15:17:03 IST" skipped="0">
  <testcase classname="com.qa.centrum.eng.test.CentrumSampleGummyVitaminTest" name="cookieButton" time="4.704"/>
  <system-out/>
  <testcase classname="com.qa.centrum.eng.test.CentrumSampleGummyVitaminTest" name="verifyShowReference" time="4.853"/>
  <system-out/>
  <testcase classname="com.qa.centrum.eng.test.CentrumSampleGummyVitaminTest" name="verifyArticleOne" time="7.990"/>
  <system-out/>
  <testcase classname="com.qa.centrum.eng.test.CentrumSampleGummyVitaminTest" name="verifyArticleTwo" time="5.648"/>
  <system-out/>
  <testcase classname="com.qa.centrum.eng.test.CentrumSampleGummyVitaminTest" name="verifyArticleThree" time="5.169"/>
  <system-out/>
  <testcase classname="com.qa.centrum.eng.test.CentrumSampleGummyVitaminTest" name="verifyArticleFour" time="9.359"/>
  <system-out/>
</testsuite> <!-- com.qa.centrum.eng.test.CentrumSampleGummyVitaminTest -->
