<?xml version="1.0" encoding="UTF-8"?>
<!-- Generated by org.testng.reporters.JUnitReportReporter -->
<testsuite hostname="WKWZTPqvmdckJHX" failures="0" tests="7" name="com.qa.centrum.eng.test.CentrumSampleWorkFromHomeTest" time="45.260" errors="0" timestamp="2022-09-19T16:14:11 IST" skipped="0">
  <testcase classname="com.qa.centrum.eng.test.CentrumSampleWorkFromHomeTest" name="cookieButton" time="4.064"/>
  <system-out/>
  <testcase classname="com.qa.centrum.eng.test.CentrumSampleWorkFromHomeTest" name="verifyFamilyLinkOne" time="5.535"/>
  <system-out/>
  <testcase classname="com.qa.centrum.eng.test.CentrumSampleWorkFromHomeTest" name="verifyFamilyLinkTwo" time="6.747"/>
  <system-out/>
  <testcase classname="com.qa.centrum.eng.test.CentrumSampleWorkFromHomeTest" name="verifyArticleOne" time="5.581"/>
  <system-out/>
  <testcase classname="com.qa.centrum.eng.test.CentrumSampleWorkFromHomeTest" name="verifyArticleTwo" time="6.408"/>
  <system-out/>
  <testcase classname="com.qa.centrum.eng.test.CentrumSampleWorkFromHomeTest" name="verifyArticleThree" time="11.211"/>
  <system-out/>
  <testcase classname="com.qa.centrum.eng.test.CentrumSampleWorkFromHomeTest" name="verifyArticleFour" time="5.714"/>
  <system-out/>
</testsuite> <!-- com.qa.centrum.eng.test.CentrumSampleWorkFromHomeTest -->
