<?xml version="1.0" encoding="UTF-8"?>
<!-- Generated by org.testng.reporters.JUnitReportReporter -->
<testsuite hostname="WKWZTPqvmdckJHX" failures="0" tests="1" name="com.qa.centrum.eng.test.CentrumHomePageTest" time="318.229" errors="0" timestamp="2022-08-24T11:27:49 IST" skipped="0">
  <testcase classname="com.qa.centrum.eng.test.CentrumHomePageTest" name="verifyTheLearnMoreLink" time="318.229"/>
  <system-out/>
</testsuite> <!-- com.qa.centrum.eng.test.CentrumHomePageTest -->
