<?xml version="1.0" encoding="UTF-8"?>
<!-- Generated by org.testng.reporters.JUnitReportReporter -->
<testsuite hostname="WKWZTPqvmdckJHX" failures="0" tests="15" name="com.qa.centrum.eng.test.CentrumSampleVitaminCBenefitTest" time="141.654" errors="0" timestamp="2022-09-21T19:05:00 IST" skipped="0">
  <testcase classname="com.qa.centrum.eng.test.CentrumSampleVitaminCBenefitTest" name="cookieButton" time="4.909"/>
  <system-out/>
  <testcase classname="com.qa.centrum.eng.test.CentrumSampleVitaminCBenefitTest" name="verifyVitaminCLinkOne" time="12.702"/>
  <system-out/>
  <testcase classname="com.qa.centrum.eng.test.CentrumSampleVitaminCBenefitTest" name="verifyVitaminCLinkTwo" time="9.687"/>
  <system-out/>
  <testcase classname="com.qa.centrum.eng.test.CentrumSampleVitaminCBenefitTest" name="verifyVitaminCLinkThree" time="8.136"/>
  <system-out/>
  <testcase classname="com.qa.centrum.eng.test.CentrumSampleVitaminCBenefitTest" name="verifyVitaminCLinkFour" time="8.333"/>
  <system-out/>
  <testcase classname="com.qa.centrum.eng.test.CentrumSampleVitaminCBenefitTest" name="verifyVitaminCLink" time="9.606"/>
  <system-out/>
  <testcase classname="com.qa.centrum.eng.test.CentrumSampleVitaminCBenefitTest" name="verifyProductWithVitaminLinkOne" time="15.672"/>
  <system-out/>
  <testcase classname="com.qa.centrum.eng.test.CentrumSampleVitaminCBenefitTest" name="verifyProductWithVitaminLinkTwo" time="12.471"/>
  <system-out/>
  <testcase classname="com.qa.centrum.eng.test.CentrumSampleVitaminCBenefitTest" name="verifyProductWithVitaminLinkThree" time="10.595"/>
  <system-out/>
  <testcase classname="com.qa.centrum.eng.test.CentrumSampleVitaminCBenefitTest" name="verifyProductWithVitaminLinkFour" time="11.257"/>
  <system-out/>
  <testcase classname="com.qa.centrum.eng.test.CentrumSampleVitaminCBenefitTest" name="verifyShowReference" time="5.832"/>
  <system-out/>
  <testcase classname="com.qa.centrum.eng.test.CentrumSampleVitaminCBenefitTest" name="verifyArticleOne" time="6.355"/>
  <system-out/>
  <testcase classname="com.qa.centrum.eng.test.CentrumSampleVitaminCBenefitTest" name="verifyArticleTwo" time="6.858"/>
  <system-out/>
  <testcase classname="com.qa.centrum.eng.test.CentrumSampleVitaminCBenefitTest" name="verifyArticleThree" time="11.843"/>
  <system-out/>
  <testcase classname="com.qa.centrum.eng.test.CentrumSampleVitaminCBenefitTest" name="verifyArticleFour" time="7.398"/>
  <system-out/>
</testsuite> <!-- com.qa.centrum.eng.test.CentrumSampleVitaminCBenefitTest -->
