<?xml version="1.0" encoding="UTF-8"?>
<!-- Generated by org.testng.reporters.JUnitReportReporter -->
<testsuite hostname="WKWZTPqvmdckJHX" failures="0" tests="24" name="com.qa.tums.eng.test.SymptomsTest" time="176.886" errors="0" timestamp="2022-08-05T12:01:42 IST" skipped="9">
  <testcase classname="com.qa.tums.eng.test.SymptomsTest" name="verifyAnacidsTumsLink" time="12.145"/>
  <system-out/>
  <testcase classname="com.qa.tums.eng.test.SymptomsTest" name="verifyAccordion" time="7.195"/>
  <system-out/>
  <testcase classname="com.qa.tums.eng.test.SymptomsTest" name="verifyShowReferenceLink" time="4.314"/>
  <system-out/>
  <testcase classname="com.qa.tums.eng.test.SymptomsTest" name="verifyHeartBurnCausesLink" time="8.207"/>
  <system-out/>
  <testcase classname="com.qa.tums.eng.test.SymptomsTest" name="verifyFindingReliefLink" time="9.561"/>
  <system-out/>
  <testcase classname="com.qa.tums.eng.test.SymptomsTest" name="verifyFindingReliefLink" time="5.283">
    <skipped/>
  </testcase> <!-- verifyFindingReliefLink -->
  <system-out/>
  <testcase classname="com.qa.tums.eng.test.SymptomsTest" name="verifyTumsPregnancyLink" time="5.416">
    <skipped/>
  </testcase> <!-- verifyTumsPregnancyLink -->
  <system-out/>
  <testcase classname="com.qa.tums.eng.test.SymptomsTest" name="verifyTumsPregnancyLink" time="11.746"/>
  <system-out/>
  <testcase classname="com.qa.tums.eng.test.SymptomsTest" name="verifyThisIsHeartBurnLink" time="9.151"/>
  <system-out/>
  <testcase classname="com.qa.tums.eng.test.SymptomsTest" name="verifyThisIsHeartBurnLink" time="5.449">
    <skipped/>
  </testcase> <!-- verifyThisIsHeartBurnLink -->
  <system-out/>
  <testcase classname="com.qa.tums.eng.test.SymptomsTest" name="verifySevereHeartBurnLink" time="5.384">
    <skipped/>
  </testcase> <!-- verifySevereHeartBurnLink -->
  <system-out/>
  <testcase classname="com.qa.tums.eng.test.SymptomsTest" name="verifySevereHeartBurnLink" time="7.341"/>
  <system-out/>
  <testcase classname="com.qa.tums.eng.test.SymptomsTest" name="verifyNightTimeHeartBurnLink" time="5.381">
    <skipped/>
  </testcase> <!-- verifyNightTimeHeartBurnLink -->
  <system-out/>
  <testcase classname="com.qa.tums.eng.test.SymptomsTest" name="verifyNightTimeHeartBurnLink" time="9.292"/>
  <system-out/>
  <testcase classname="com.qa.tums.eng.test.SymptomsTest" name="verifyAcidRefluxLink" time="7.470"/>
  <system-out/>
  <testcase classname="com.qa.tums.eng.test.SymptomsTest" name="verifyAcidRefluxLink" time="7.615">
    <skipped/>
  </testcase> <!-- verifyAcidRefluxLink -->
  <system-out/>
  <testcase classname="com.qa.tums.eng.test.SymptomsTest" name="verifySeeProductsLink" time="5.203">
    <skipped/>
  </testcase> <!-- verifySeeProductsLink -->
  <system-out/>
  <testcase classname="com.qa.tums.eng.test.SymptomsTest" name="verifySeeProductsLink" time="8.698">
    <skipped/>
  </testcase> <!-- verifySeeProductsLink -->
  <system-out/>
  <testcase classname="com.qa.tums.eng.test.SymptomsTest" name="verifySeeProductsLink" time="7.695"/>
  <system-out/>
  <testcase classname="com.qa.tums.eng.test.SymptomsTest" name="verifyCookieSettingsLink" time="4.622"/>
  <system-out/>
  <testcase classname="com.qa.tums.eng.test.SymptomsTest" name="verifyBreadCrumbHomeIconLink" time="5.211">
    <skipped/>
  </testcase> <!-- verifyBreadCrumbHomeIconLink -->
  <system-out/>
  <testcase classname="com.qa.tums.eng.test.SymptomsTest" name="verifyBreadCrumbHomeIconLink" time="8.742"/>
  <system-out/>
  <testcase classname="com.qa.tums.eng.test.SymptomsTest" name="verifyBreadCrumbHeartBurn101" time="9.025"/>
  <system-out/>
  <testcase classname="com.qa.tums.eng.test.SymptomsTest" name="launchTumsSiteVerifySymptoms" time="6.740"/>
  <system-out/>
</testsuite> <!-- com.qa.tums.eng.test.SymptomsTest -->
