<?xml version="1.0" encoding="UTF-8"?>
<!-- Generated by org.testng.reporters.JUnitReportReporter -->
<testsuite hostname="WKWZTPqvmdckJHX" failures="0" tests="2" name="com.qa.centrum.eng.test.CentrumSampleThiaminTest" time="41.110" errors="0" timestamp="2022-09-08T11:41:36 IST" skipped="0">
  <testcase classname="com.qa.centrum.eng.test.CentrumSampleThiaminTest" name="cookieButton" time="26.300"/>
  <system-out/>
  <testcase classname="com.qa.centrum.eng.test.CentrumSampleThiaminTest" name="verifyEnergy" time="14.810"/>
  <system-out/>
</testsuite> <!-- com.qa.centrum.eng.test.CentrumSampleThiaminTest -->
