<?xml version="1.0" encoding="UTF-8"?>
<!-- Generated by org.testng.reporters.JUnitReportReporter -->
<testsuite hostname="WKWZTPqvmdckJHX" failures="0" tests="6" name="com.qa.centrum.eng.test.CentrumSampleMelatoninTest" time="54.107" errors="0" timestamp="2022-09-20T14:29:14 IST" skipped="0">
  <testcase classname="com.qa.centrum.eng.test.CentrumSampleMelatoninTest" name="cookieButton" time="7.808"/>
  <system-out/>
  <testcase classname="com.qa.centrum.eng.test.CentrumSampleMelatoninTest" name="verifyMelatoninLink" time="7.081"/>
  <system-out/>
  <testcase classname="com.qa.centrum.eng.test.CentrumSampleMelatoninTest" name="verifyHowMuchMelatoninLink" time="15.977"/>
  <system-out/>
  <testcase classname="com.qa.centrum.eng.test.CentrumSampleMelatoninTest" name="verifyRestfulSleepLinkOne" time="7.852"/>
  <system-out/>
  <testcase classname="com.qa.centrum.eng.test.CentrumSampleMelatoninTest" name="verifyRestfulSleepLinkTwo" time="11.876"/>
  <system-out/>
  <testcase classname="com.qa.centrum.eng.test.CentrumSampleMelatoninTest" name="verifyShowReference" time="3.513"/>
  <system-out/>
</testsuite> <!-- com.qa.centrum.eng.test.CentrumSampleMelatoninTest -->
