<?xml version="1.0" encoding="UTF-8"?>
<!-- Generated by org.testng.reporters.JUnitReportReporter -->
<testsuite hostname="WKWZTPqvmdckJHX" failures="0" tests="10" name="com.qa.centrum.eng.test.CentrumSampleHealthyAgingTest" time="80.396" errors="0" timestamp="2022-09-21T14:08:10 IST" skipped="0">
  <testcase classname="com.qa.centrum.eng.test.CentrumSampleHealthyAgingTest" name="cookieButton" time="4.938"/>
  <system-out/>
  <testcase classname="com.qa.centrum.eng.test.CentrumSampleHealthyAgingTest" name="verifyVitaminB12Link" time="18.231"/>
  <system-out/>
  <testcase classname="com.qa.centrum.eng.test.CentrumSampleHealthyAgingTest" name="verifyVitaminDLinkOne" time="5.762"/>
  <system-out/>
  <testcase classname="com.qa.centrum.eng.test.CentrumSampleHealthyAgingTest" name="verifyVitaminDLinkTwo" time="13.229"/>
  <system-out/>
  <testcase classname="com.qa.centrum.eng.test.CentrumSampleHealthyAgingTest" name="verifyMagnesiumLink" time="9.685"/>
  <system-out/>
  <testcase classname="com.qa.centrum.eng.test.CentrumSampleHealthyAgingTest" name="verifyShowReference" time="3.971"/>
  <system-out/>
  <testcase classname="com.qa.centrum.eng.test.CentrumSampleHealthyAgingTest" name="verifyArticleOne" time="6.158"/>
  <system-out/>
  <testcase classname="com.qa.centrum.eng.test.CentrumSampleHealthyAgingTest" name="verifyArticleTwo" time="6.473"/>
  <system-out/>
  <testcase classname="com.qa.centrum.eng.test.CentrumSampleHealthyAgingTest" name="verifyArticleThree" time="5.688"/>
  <system-out/>
  <testcase classname="com.qa.centrum.eng.test.CentrumSampleHealthyAgingTest" name="verifyArticleFour" time="6.261"/>
  <system-out/>
</testsuite> <!-- com.qa.centrum.eng.test.CentrumSampleHealthyAgingTest -->
