<?xml version="1.0" encoding="UTF-8"?>
<!-- Generated by org.testng.reporters.JUnitReportReporter -->
<testsuite hostname="WKWZTPqvmdckJHX" failures="0" tests="22" name="com.qa.tums.eng.test.HeartBurn101Test" time="153.933" errors="0" timestamp="2022-08-05T12:01:42 IST" skipped="6">
  <testcase classname="com.qa.tums.eng.test.HeartBurn101Test" name="verifyHeartBurnSymptomsLink" time="7.118"/>
  <system-out/>
  <testcase classname="com.qa.tums.eng.test.HeartBurn101Test" name="verifyHeartBurnCausesLink" time="6.336"/>
  <system-out/>
  <testcase classname="com.qa.tums.eng.test.HeartBurn101Test" name="verifyFindingReliefLink" time="6.787"/>
  <system-out/>
  <testcase classname="com.qa.tums.eng.test.HeartBurn101Test" name="verifyTumsPregnancyLink" time="13.103"/>
  <system-out/>
  <testcase classname="com.qa.tums.eng.test.HeartBurn101Test" name="verifyThisIsHeartBurnLink" time="10.125"/>
  <system-out/>
  <testcase classname="com.qa.tums.eng.test.HeartBurn101Test" name="verifyTumsWorkLink" time="7.967"/>
  <system-out/>
  <testcase classname="com.qa.tums.eng.test.HeartBurn101Test" name="verifyTriggerHeartBurnLink" time="4.742">
    <skipped/>
  </testcase> <!-- verifyTriggerHeartBurnLink -->
  <system-out/>
  <testcase classname="com.qa.tums.eng.test.HeartBurn101Test" name="verifyTriggerHeartBurnLink" time="6.284"/>
  <system-out/>
  <testcase classname="com.qa.tums.eng.test.HeartBurn101Test" name="verifySevereHeartBurnLink" time="7.177"/>
  <system-out/>
  <testcase classname="com.qa.tums.eng.test.HeartBurn101Test" name="verifyHeartBurnCheckListLink" time="4.321">
    <skipped/>
  </testcase> <!-- verifyHeartBurnCheckListLink -->
  <system-out/>
  <testcase classname="com.qa.tums.eng.test.HeartBurn101Test" name="verifyHeartBurnCheckListLink" time="6.275"/>
  <system-out/>
  <testcase classname="com.qa.tums.eng.test.HeartBurn101Test" name="verifyReduceHeartBurnLink" time="5.715">
    <skipped/>
  </testcase> <!-- verifyReduceHeartBurnLink -->
  <system-out/>
  <testcase classname="com.qa.tums.eng.test.HeartBurn101Test" name="verifyReduceHeartBurnLink" time="6.600"/>
  <system-out/>
  <testcase classname="com.qa.tums.eng.test.HeartBurn101Test" name="verifyAcidRefluxLink" time="4.451">
    <skipped/>
  </testcase> <!-- verifyAcidRefluxLink -->
  <system-out/>
  <testcase classname="com.qa.tums.eng.test.HeartBurn101Test" name="verifyAcidRefluxLink" time="5.769"/>
  <system-out/>
  <testcase classname="com.qa.tums.eng.test.HeartBurn101Test" name="verifyAntacidsWhyTheyWorkLink" time="9.534"/>
  <system-out/>
  <testcase classname="com.qa.tums.eng.test.HeartBurn101Test" name="verifySeeProductsLink" time="10.085"/>
  <system-out/>
  <testcase classname="com.qa.tums.eng.test.HeartBurn101Test" name="verifySeeProductsLink" time="4.301">
    <skipped/>
  </testcase> <!-- verifySeeProductsLink -->
  <system-out/>
  <testcase classname="com.qa.tums.eng.test.HeartBurn101Test" name="verifyCookieSettingsLink" time="4.242"/>
  <system-out/>
  <testcase classname="com.qa.tums.eng.test.HeartBurn101Test" name="verifyBreadCrumbHomeIconLink" time="4.173">
    <skipped/>
  </testcase> <!-- verifyBreadCrumbHomeIconLink -->
  <system-out/>
  <testcase classname="com.qa.tums.eng.test.HeartBurn101Test" name="verifyBreadCrumbHomeIconLink" time="11.431"/>
  <system-out/>
  <testcase classname="com.qa.tums.eng.test.HeartBurn101Test" name="hearBurn101Test" time="7.397"/>
  <system-out/>
</testsuite> <!-- com.qa.tums.eng.test.HeartBurn101Test -->
