<?xml version="1.0" encoding="UTF-8"?>
<!-- Generated by org.testng.reporters.JUnitReportReporter -->
<testsuite hostname="WKWZTPqvmdckJHX" failures="0" tests="13" name="com.qa.centrum.eng.test.CentrumSampleVitaminDBenefitsTest" time="131.052" errors="0" timestamp="2022-09-19T18:47:34 IST" skipped="0">
  <testcase classname="com.qa.centrum.eng.test.CentrumSampleVitaminDBenefitsTest" name="cookieButton" time="6.649"/>
  <system-out/>
  <testcase classname="com.qa.centrum.eng.test.CentrumSampleVitaminDBenefitsTest" name="verifyImmuneSystemOne" time="8.756"/>
  <system-out/>
  <testcase classname="com.qa.centrum.eng.test.CentrumSampleVitaminDBenefitsTest" name="verifyImmuneSystemTwo" time="10.262"/>
  <system-out/>
  <testcase classname="com.qa.centrum.eng.test.CentrumSampleVitaminDBenefitsTest" name="verifyBoneHealthLink" time="8.221"/>
  <system-out/>
  <testcase classname="com.qa.centrum.eng.test.CentrumSampleVitaminDBenefitsTest" name="verifyCognitiveFunctionLinkOne" time="11.453"/>
  <system-out/>
  <testcase classname="com.qa.centrum.eng.test.CentrumSampleVitaminDBenefitsTest" name="verifyCognitiveFunctionLinkTwo" time="8.370"/>
  <system-out/>
  <testcase classname="com.qa.centrum.eng.test.CentrumSampleVitaminDBenefitsTest" name="verifyHappinesslinkOne" time="18.198"/>
  <system-out/>
  <testcase classname="com.qa.centrum.eng.test.CentrumSampleVitaminDBenefitsTest" name="verifyHappinesslinkTwo" time="23.141"/>
  <system-out/>
  <testcase classname="com.qa.centrum.eng.test.CentrumSampleVitaminDBenefitsTest" name="verifyShowReference" time="5.186"/>
  <system-out/>
  <testcase classname="com.qa.centrum.eng.test.CentrumSampleVitaminDBenefitsTest" name="verifyArticleOne" time="7.421"/>
  <system-out/>
  <testcase classname="com.qa.centrum.eng.test.CentrumSampleVitaminDBenefitsTest" name="verifyArticleTwo" time="8.015"/>
  <system-out/>
  <testcase classname="com.qa.centrum.eng.test.CentrumSampleVitaminDBenefitsTest" name="verifyArticleThree" time="9.085"/>
  <system-out/>
  <testcase classname="com.qa.centrum.eng.test.CentrumSampleVitaminDBenefitsTest" name="verifyArticleFour" time="6.295"/>
  <system-out/>
</testsuite> <!-- com.qa.centrum.eng.test.CentrumSampleVitaminDBenefitsTest -->
