<?xml version="1.0" encoding="UTF-8"?>
<!-- Generated by org.testng.reporters.JUnitReportReporter -->
<testsuite hostname="WKWZTPqvmdckJHX" failures="0" tests="12" name="com.qa.centrum.eng.test.CentrumSampleDietMayBeMissingTeat" time="93.008" errors="0" timestamp="2022-09-15T15:26:08 IST" skipped="0">
  <testcase classname="com.qa.centrum.eng.test.CentrumSampleDietMayBeMissingTeat" name="cookieButton" time="4.036"/>
  <system-out/>
  <testcase classname="com.qa.centrum.eng.test.CentrumSampleDietMayBeMissingTeat" name="verifyVitaminCImmuneSupport" time="7.629"/>
  <system-out/>
  <testcase classname="com.qa.centrum.eng.test.CentrumSampleDietMayBeMissingTeat" name="verifyVitaminCAntioxidantAbilities" time="7.337"/>
  <system-out/>
  <testcase classname="com.qa.centrum.eng.test.CentrumSampleDietMayBeMissingTeat" name="verifyVitaminDLinkOne" time="7.062"/>
  <system-out/>
  <testcase classname="com.qa.centrum.eng.test.CentrumSampleDietMayBeMissingTeat" name="verifyVitaminDLinkTwo" time="15.881"/>
  <system-out/>
  <testcase classname="com.qa.centrum.eng.test.CentrumSampleDietMayBeMissingTeat" name="verifyVitaminELinkVerifyImmuneFunction" time="7.797"/>
  <system-out/>
  <testcase classname="com.qa.centrum.eng.test.CentrumSampleDietMayBeMissingTeat" name="verifyMagnesiumBalancedDiet" time="8.952"/>
  <system-out/>
  <testcase classname="com.qa.centrum.eng.test.CentrumSampleDietMayBeMissingTeat" name="verifyShowReference" time="5.151"/>
  <system-out/>
  <testcase classname="com.qa.centrum.eng.test.CentrumSampleDietMayBeMissingTeat" name="verifyArticleOne" time="6.699"/>
  <system-out/>
  <testcase classname="com.qa.centrum.eng.test.CentrumSampleDietMayBeMissingTeat" name="verifyArticleTwo" time="7.324"/>
  <system-out/>
  <testcase classname="com.qa.centrum.eng.test.CentrumSampleDietMayBeMissingTeat" name="verifyArticleThree" time="7.576"/>
  <system-out/>
  <testcase classname="com.qa.centrum.eng.test.CentrumSampleDietMayBeMissingTeat" name="verifyArticleFour" time="7.564"/>
  <system-out/>
</testsuite> <!-- com.qa.centrum.eng.test.CentrumSampleDietMayBeMissingTeat -->
