<?xml version="1.0" encoding="UTF-8"?>
<!-- Generated by org.testng.reporters.JUnitReportReporter -->
<testsuite hostname="WKWZTPqvmdckJHX" failures="0" tests="7" name="com.qa.centrum.eng.test.CentrumSampleKetoVitaminTest" time="70.824" errors="0" timestamp="2022-09-19T10:28:56 IST" skipped="0">
  <testcase classname="com.qa.centrum.eng.test.CentrumSampleKetoVitaminTest" name="cookieButton" time="4.507"/>
  <system-out/>
  <testcase classname="com.qa.centrum.eng.test.CentrumSampleKetoVitaminTest" name="verifyAboutKetoLink" time="30.028"/>
  <system-out/>
  <testcase classname="com.qa.centrum.eng.test.CentrumSampleKetoVitaminTest" name="verifyShowReference" time="4.558"/>
  <system-out/>
  <testcase classname="com.qa.centrum.eng.test.CentrumSampleKetoVitaminTest" name="verifyArticleOne" time="5.879"/>
  <system-out/>
  <testcase classname="com.qa.centrum.eng.test.CentrumSampleKetoVitaminTest" name="verifyArticleTwo" time="7.124"/>
  <system-out/>
  <testcase classname="com.qa.centrum.eng.test.CentrumSampleKetoVitaminTest" name="verifyArticleThree" time="12.103"/>
  <system-out/>
  <testcase classname="com.qa.centrum.eng.test.CentrumSampleKetoVitaminTest" name="verifyArticleFour" time="6.625"/>
  <system-out/>
</testsuite> <!-- com.qa.centrum.eng.test.CentrumSampleKetoVitaminTest -->
