<?xml version="1.0" encoding="UTF-8"?>
<!-- Generated by org.testng.reporters.JUnitReportReporter -->
<testsuite hostname="WKWZTPqvmdckJHX" failures="0" tests="13" name="com.qa.centrum.eng.test.CentrumSampleMultivitaminsForKidsTest" time="247.396" errors="0" timestamp="2022-09-21T18:17:58 IST" skipped="0">
  <testcase classname="com.qa.centrum.eng.test.CentrumSampleMultivitaminsForKidsTest" name="cookieButton" time="5.751"/>
  <system-out/>
  <testcase classname="com.qa.centrum.eng.test.CentrumSampleMultivitaminsForKidsTest" name="verifyBannerLink" time="9.994"/>
  <system-out/>
  <testcase classname="com.qa.centrum.eng.test.CentrumSampleMultivitaminsForKidsTest" name="verifyMultivitaminLinkOne" time="50.728"/>
  <system-out/>
  <testcase classname="com.qa.centrum.eng.test.CentrumSampleMultivitaminsForKidsTest" name="verifyMultivitaminLinkTwo" time="51.196"/>
  <system-out/>
  <testcase classname="com.qa.centrum.eng.test.CentrumSampleMultivitaminsForKidsTest" name="verifyMultivitaminLinkThree" time="27.672"/>
  <system-out/>
  <testcase classname="com.qa.centrum.eng.test.CentrumSampleMultivitaminsForKidsTest" name="verifyMultivitaminLinkFour" time="27.147"/>
  <system-out/>
  <testcase classname="com.qa.centrum.eng.test.CentrumSampleMultivitaminsForKidsTest" name="verifyTropicalPunchLink" time="14.309"/>
  <system-out/>
  <testcase classname="com.qa.centrum.eng.test.CentrumSampleMultivitaminsForKidsTest" name="verifyMultiGummiesLink" time="13.076"/>
  <system-out/>
  <testcase classname="com.qa.centrum.eng.test.CentrumSampleMultivitaminsForKidsTest" name="verifyShowReference" time="5.411"/>
  <system-out/>
  <testcase classname="com.qa.centrum.eng.test.CentrumSampleMultivitaminsForKidsTest" name="verifyArticleOne" time="7.944"/>
  <system-out/>
  <testcase classname="com.qa.centrum.eng.test.CentrumSampleMultivitaminsForKidsTest" name="verifyArticleTwo" time="7.443"/>
  <system-out/>
  <testcase classname="com.qa.centrum.eng.test.CentrumSampleMultivitaminsForKidsTest" name="verifyArticleThree" time="9.362"/>
  <system-out/>
  <testcase classname="com.qa.centrum.eng.test.CentrumSampleMultivitaminsForKidsTest" name="verifyArticleFour" time="17.363"/>
  <system-out/>
</testsuite> <!-- com.qa.centrum.eng.test.CentrumSampleMultivitaminsForKidsTest -->
