<?xml version="1.0" encoding="UTF-8"?>
<!-- Generated by org.testng.reporters.JUnitReportReporter -->
<testsuite hostname="WKWZTPqvmdckJHX" failures="0" tests="6" name="com.qa.centrum.eng.test.CentrumSampleBiotinForMenTest" time="52.237" errors="0" timestamp="2022-09-20T18:05:30 IST" skipped="0">
  <testcase classname="com.qa.centrum.eng.test.CentrumSampleBiotinForMenTest" name="cookieButton" time="4.400"/>
  <system-out/>
  <testcase classname="com.qa.centrum.eng.test.CentrumSampleBiotinForMenTest" name="verifyShowReference" time="3.478"/>
  <system-out/>
  <testcase classname="com.qa.centrum.eng.test.CentrumSampleBiotinForMenTest" name="verifyArticleOne" time="17.647"/>
  <system-out/>
  <testcase classname="com.qa.centrum.eng.test.CentrumSampleBiotinForMenTest" name="verifyArticleTwo" time="6.705"/>
  <system-out/>
  <testcase classname="com.qa.centrum.eng.test.CentrumSampleBiotinForMenTest" name="verifyArticleThree" time="7.330"/>
  <system-out/>
  <testcase classname="com.qa.centrum.eng.test.CentrumSampleBiotinForMenTest" name="verifyArticleFour" time="12.677"/>
  <system-out/>
</testsuite> <!-- com.qa.centrum.eng.test.CentrumSampleBiotinForMenTest -->
