<?xml version="1.0" encoding="UTF-8"?>
<!-- Generated by org.testng.reporters.JUnitReportReporter -->
<testsuite hostname="WKWZTPqvmdckJHX" failures="0" tests="11" name="com.qa.centrum.eng.test.CentrumSampleDuringPregnancyTest" time="105.550" errors="0" timestamp="2022-09-15T18:13:36 IST" skipped="0">
  <testcase classname="com.qa.centrum.eng.test.CentrumSampleDuringPregnancyTest" name="cookieButton" time="5.323"/>
  <system-out/>
  <testcase classname="com.qa.centrum.eng.test.CentrumSampleDuringPregnancyTest" name="VerifyPregnancyDietLinkOne" time="8.804"/>
  <system-out/>
  <testcase classname="com.qa.centrum.eng.test.CentrumSampleDuringPregnancyTest" name="verifyPregnancyDietLinkTwo" time="8.244"/>
  <system-out/>
  <testcase classname="com.qa.centrum.eng.test.CentrumSampleDuringPregnancyTest" name="verifyOmega3LinkOne" time="6.444"/>
  <system-out/>
  <testcase classname="com.qa.centrum.eng.test.CentrumSampleDuringPregnancyTest" name="verifyCalciumAndVitaminDLinkOne" time="8.003"/>
  <system-out/>
  <testcase classname="com.qa.centrum.eng.test.CentrumSampleDuringPregnancyTest" name="verifyAfterBabyArrivesLinkOne" time="7.059"/>
  <system-out/>
  <testcase classname="com.qa.centrum.eng.test.CentrumSampleDuringPregnancyTest" name="verifyShowReference" time="5.504"/>
  <system-out/>
  <testcase classname="com.qa.centrum.eng.test.CentrumSampleDuringPregnancyTest" name="verifyArticleOne" time="8.039"/>
  <system-out/>
  <testcase classname="com.qa.centrum.eng.test.CentrumSampleDuringPregnancyTest" name="verifyArticleTwo" time="9.311"/>
  <system-out/>
  <testcase classname="com.qa.centrum.eng.test.CentrumSampleDuringPregnancyTest" name="verifyArticleThree" time="23.912"/>
  <system-out/>
  <testcase classname="com.qa.centrum.eng.test.CentrumSampleDuringPregnancyTest" name="verifyArticleFour" time="14.907"/>
  <system-out/>
</testsuite> <!-- com.qa.centrum.eng.test.CentrumSampleDuringPregnancyTest -->
