<?xml version="1.0" encoding="UTF-8"?>
<!-- Generated by org.testng.reporters.JUnitReportReporter -->
<testsuite hostname="WKWZTPqvmdckJHX" failures="0" tests="1" name="com.qa.centrum.eng.test.CentrumSampleVitaminPacksMen30PlusTest" time="12.377" errors="0" timestamp="2022-10-13T15:40:55 IST" skipped="0">
  <testcase classname="com.qa.centrum.eng.test.CentrumSampleVitaminPacksMen30PlusTest" name="cookieButton" time="12.377"/>
  <system-out/>
</testsuite> <!-- com.qa.centrum.eng.test.CentrumSampleVitaminPacksMen30PlusTest -->
