<?xml version="1.0" encoding="UTF-8"?>
<!-- Generated by org.testng.reporters.JUnitReportReporter -->
<testsuite hostname="WKWZTPqvmdckJHX" failures="0" tests="3" name="com.qa.tums.eng.test.Sample" time="0.008" errors="0" timestamp="2022-08-02T15:37:18 IST" skipped="0">
  <testcase classname="com.qa.tums.eng.test.Sample" name="test1" time="0.005"/>
  <system-out/>
  <testcase classname="com.qa.tums.eng.test.Sample" name="test2" time="0.001"/>
  <system-out/>
  <testcase classname="com.qa.tums.eng.test.Sample" name="test3" time="0.002"/>
  <system-out/>
</testsuite> <!-- com.qa.tums.eng.test.Sample -->
