<?xml version="1.0" encoding="UTF-8"?>
<!-- Generated by org.testng.reporters.JUnitReportReporter -->
<testsuite hostname="WKWZTPqvmdckJHX" failures="0" tests="2" name="com.qa.centrum.eng.test.CentrumSampleFolicAcidTest" time="21.338" errors="0" timestamp="2022-09-06T18:47:02 IST" skipped="0">
  <testcase classname="com.qa.centrum.eng.test.CentrumSampleFolicAcidTest" name="cookieButton" time="8.722"/>
  <system-out/>
  <testcase classname="com.qa.centrum.eng.test.CentrumSampleFolicAcidTest" name="verifyPregnancyFeatured" time="12.616"/>
  <system-out/>
</testsuite> <!-- com.qa.centrum.eng.test.CentrumSampleFolicAcidTest -->
