<?xml version="1.0" encoding="UTF-8"?>
<!-- Generated by org.testng.reporters.JUnitReportReporter -->
<testsuite hostname="WKWZTPqvmdckJHX" failures="0" tests="34" name="com.qa.centrum.eng.test.CentrumSampleIodineTest" time="339.990" errors="0" timestamp="2022-09-07T00:07:56 IST" skipped="0">
  <testcase classname="com.qa.centrum.eng.test.CentrumSampleIodineTest" name="cookieButton" time="13.774"/>
  <system-out/>
  <testcase classname="com.qa.centrum.eng.test.CentrumSampleIodineTest" name="verifyBrainHealth" time="9.912"/>
  <system-out/>
  <testcase classname="com.qa.centrum.eng.test.CentrumSampleIodineTest" name="verifyPregnancy" time="8.951"/>
  <system-out/>
  <testcase classname="com.qa.centrum.eng.test.CentrumSampleIodineTest" name="verifyArticleOne" time="9.973"/>
  <system-out/>
  <testcase classname="com.qa.centrum.eng.test.CentrumSampleIodineTest" name="verifyArticleTwo" time="8.155"/>
  <system-out/>
  <testcase classname="com.qa.centrum.eng.test.CentrumSampleIodineTest" name="verifyArticleThree" time="7.646"/>
  <system-out/>
  <testcase classname="com.qa.centrum.eng.test.CentrumSampleIodineTest" name="verifyArticleFour" time="8.894"/>
  <system-out/>
  <testcase classname="com.qa.centrum.eng.test.CentrumSampleIodineTest" name="verifyLearnMoreOne" time="9.198"/>
  <system-out/>
  <testcase classname="com.qa.centrum.eng.test.CentrumSampleIodineTest" name="verifyLearnMoreTwo" time="9.294"/>
  <system-out/>
  <testcase classname="com.qa.centrum.eng.test.CentrumSampleIodineTest" name="verifyLearnMoreThree" time="9.146"/>
  <system-out/>
  <testcase classname="com.qa.centrum.eng.test.CentrumSampleIodineTest" name="verifyLearnMoreFour" time="9.260"/>
  <system-out/>
  <testcase classname="com.qa.centrum.eng.test.CentrumSampleIodineTest" name="verifyFeaturedProduct" time="5.770"/>
  <system-out/>
  <testcase classname="com.qa.centrum.eng.test.CentrumSampleIodineTest" name="verifyProductAdults" time="13.776"/>
  <system-out/>
  <testcase classname="com.qa.centrum.eng.test.CentrumSampleIodineTest" name="verifyProductMen" time="14.618"/>
  <system-out/>
  <testcase classname="com.qa.centrum.eng.test.CentrumSampleIodineTest" name="verifyProductWomen" time="13.085"/>
  <system-out/>
  <testcase classname="com.qa.centrum.eng.test.CentrumSampleIodineTest" name="verifyProductWomensMultivitamin" time="13.686"/>
  <system-out/>
  <testcase classname="com.qa.centrum.eng.test.CentrumSampleIodineTest" name="verifyEnergyFeatured" time="10.333"/>
  <system-out/>
  <testcase classname="com.qa.centrum.eng.test.CentrumSampleIodineTest" name="verifyPregnancyFeatured" time="8.984"/>
  <system-out/>
  <testcase classname="com.qa.centrum.eng.test.CentrumSampleIodineTest" name="verifyArticleOneFeatured" time="7.766"/>
  <system-out/>
  <testcase classname="com.qa.centrum.eng.test.CentrumSampleIodineTest" name="verifyArticleTwoFeatured" time="8.552"/>
  <system-out/>
  <testcase classname="com.qa.centrum.eng.test.CentrumSampleIodineTest" name="verifyArticleThreeFeatured" time="8.122"/>
  <system-out/>
  <testcase classname="com.qa.centrum.eng.test.CentrumSampleIodineTest" name="verifyArticleFourFeatured" time="8.629"/>
  <system-out/>
  <testcase classname="com.qa.centrum.eng.test.CentrumSampleIodineTest" name="verifyLearnMoreOneFeatured" time="10.764"/>
  <system-out/>
  <testcase classname="com.qa.centrum.eng.test.CentrumSampleIodineTest" name="verifyLearnMoreTwoFeatured" time="10.418"/>
  <system-out/>
  <testcase classname="com.qa.centrum.eng.test.CentrumSampleIodineTest" name="verifyLearnMoreThreeFeatured" time="11.016"/>
  <system-out/>
  <testcase classname="com.qa.centrum.eng.test.CentrumSampleIodineTest" name="verifyLearnMoreFourFeatured" time="12.361"/>
  <system-out/>
  <testcase classname="com.qa.centrum.eng.test.CentrumSampleIodineTest" name="verifyBuyNowOne" time="10.477"/>
  <system-out/>
  <testcase classname="com.qa.centrum.eng.test.CentrumSampleIodineTest" name="verifyBuyNowTwo" time="8.932"/>
  <system-out/>
  <testcase classname="com.qa.centrum.eng.test.CentrumSampleIodineTest" name="verifyBuyNowThree" time="8.270"/>
  <system-out/>
  <testcase classname="com.qa.centrum.eng.test.CentrumSampleIodineTest" name="verifyBuyNowFour" time="8.899"/>
  <system-out/>
  <testcase classname="com.qa.centrum.eng.test.CentrumSampleIodineTest" name="verifyCompareOne" time="11.280"/>
  <system-out/>
  <testcase classname="com.qa.centrum.eng.test.CentrumSampleIodineTest" name="verifyCompareTwo" time="10.212"/>
  <system-out/>
  <testcase classname="com.qa.centrum.eng.test.CentrumSampleIodineTest" name="verifyCompareThree" time="9.392"/>
  <system-out/>
  <testcase classname="com.qa.centrum.eng.test.CentrumSampleIodineTest" name="verifyCompareFour" time="10.445"/>
  <system-out/>
</testsuite> <!-- com.qa.centrum.eng.test.CentrumSampleIodineTest -->
