<?xml version="1.0" encoding="UTF-8"?>
<!-- Generated by org.testng.reporters.JUnitReportReporter -->
<testsuite hostname="WKWZTPqvmdckJHX" failures="0" tests="8" name="com.qa.centrum.eng.test.CentrumSampleDebunkingVitaminTest" time="72.664" errors="0" timestamp="2022-09-20T17:15:40 IST" skipped="0">
  <testcase classname="com.qa.centrum.eng.test.CentrumSampleDebunkingVitaminTest" name="cookieButton" time="4.059"/>
  <system-out/>
  <testcase classname="com.qa.centrum.eng.test.CentrumSampleDebunkingVitaminTest" name="verifyVitaminDLink" time="9.301"/>
  <system-out/>
  <testcase classname="com.qa.centrum.eng.test.CentrumSampleDebunkingVitaminTest" name="verifyAboutVitaminLink" time="8.865"/>
  <system-out/>
  <testcase classname="com.qa.centrum.eng.test.CentrumSampleDebunkingVitaminTest" name="verifyShowReference" time="4.113"/>
  <system-out/>
  <testcase classname="com.qa.centrum.eng.test.CentrumSampleDebunkingVitaminTest" name="verifyArticleOne" time="8.114"/>
  <system-out/>
  <testcase classname="com.qa.centrum.eng.test.CentrumSampleDebunkingVitaminTest" name="verifyArticleTwo" time="24.307"/>
  <system-out/>
  <testcase classname="com.qa.centrum.eng.test.CentrumSampleDebunkingVitaminTest" name="verifyArticleThree" time="6.776"/>
  <system-out/>
  <testcase classname="com.qa.centrum.eng.test.CentrumSampleDebunkingVitaminTest" name="verifyArticleFour" time="7.129"/>
  <system-out/>
</testsuite> <!-- com.qa.centrum.eng.test.CentrumSampleDebunkingVitaminTest -->
