<?xml version="1.0" encoding="UTF-8"?>
<!-- Generated by org.testng.reporters.JUnitReportReporter -->
<testsuite hostname="WKWZTPqvmdckJHX" failures="0" tests="7" name="com.qa.centrum.eng.test.CentrumSampleTipsForAMoreBalancedDietTest" time="55.004" errors="0" timestamp="2022-09-16T11:18:18 IST" skipped="0">
  <testcase classname="com.qa.centrum.eng.test.CentrumSampleTipsForAMoreBalancedDietTest" name="cookieButton" time="5.512"/>
  <system-out/>
  <testcase classname="com.qa.centrum.eng.test.CentrumSampleTipsForAMoreBalancedDietTest" name="verifyLinkOverAllHealth" time="6.840"/>
  <system-out/>
  <testcase classname="com.qa.centrum.eng.test.CentrumSampleTipsForAMoreBalancedDietTest" name="verifyShowReference" time="3.558"/>
  <system-out/>
  <testcase classname="com.qa.centrum.eng.test.CentrumSampleTipsForAMoreBalancedDietTest" name="verifyNutrientsYourDiet" time="7.771"/>
  <system-out/>
  <testcase classname="com.qa.centrum.eng.test.CentrumSampleTipsForAMoreBalancedDietTest" name="verifyBoostYourEnergy" time="8.573"/>
  <system-out/>
  <testcase classname="com.qa.centrum.eng.test.CentrumSampleTipsForAMoreBalancedDietTest" name="verifyHealtheirLife" time="14.204"/>
  <system-out/>
  <testcase classname="com.qa.centrum.eng.test.CentrumSampleTipsForAMoreBalancedDietTest" name="verifyBrainHealth" time="8.546"/>
  <system-out/>
</testsuite> <!-- com.qa.centrum.eng.test.CentrumSampleTipsForAMoreBalancedDietTest -->
