<?xml version="1.0" encoding="UTF-8"?>
<!-- Generated by org.testng.reporters.JUnitReportReporter -->
<testsuite hostname="WKWZTPqvmdckJHX" failures="0" tests="1" name="com.qa.centrum.eng.test.CentrumSampleFooterPage" time="10.379" errors="0" timestamp="2022-10-13T15:37:01 IST" skipped="0">
  <testcase classname="com.qa.centrum.eng.test.CentrumSampleFooterPage" name="cookieButton" time="10.379"/>
  <system-out/>
</testsuite> <!-- com.qa.centrum.eng.test.CentrumSampleFooterPage -->
